2023-09-13 16:55:04.495 [info] Extension host with pid 1472 started
2023-09-13 16:55:04.610 [info] ExtensionService#_doActivateExtension vscode.git-base, startup: true, activationEvent: '*', root cause: vscode.git
2023-09-13 16:55:04.693 [info] ExtensionService#_doActivateExtension vscode.git, startup: true, activationEvent: '*'
2023-09-13 16:55:04.694 [info] ExtensionService#_doActivateExtension vscode.github, startup: true, activationEvent: '*'
2023-09-13 16:55:05.230 [info] Eager extensions activated
2023-09-13 16:55:05.230 [info] ExtensionService#_doActivateExtension vscode.debug-auto-launch, startup: false, activationEvent: 'onStartupFinished'
2023-09-13 16:55:05.230 [info] ExtensionService#_doActivateExtension vscode.merge-conflict, startup: false, activationEvent: 'onStartupFinished'
2023-09-13 16:55:05.255 [info] Extension host terminating: received terminate message from renderer
2023-09-13 16:55:05.269 [error] Canceled: Canceled
	at Object.I [as $3] (/var/www/html/.vscode-server/bin/660393deaaa6d1996740ff4880f1bad43768c814/out/vs/workbench/api/node/extensionHostProcess.js:7:1032)
	at /var/www/html/.vscode-server/bin/660393deaaa6d1996740ff4880f1bad43768c814/out/vs/workbench/api/node/extensionHostProcess.js:112:8033
	at Array.forEach (<anonymous>)
	at t.dispose (/var/www/html/.vscode-server/bin/660393deaaa6d1996740ff4880f1bad43768c814/out/vs/workbench/api/node/extensionHostProcess.js:112:7998)
	at i.terminate (/var/www/html/.vscode-server/bin/660393deaaa6d1996740ff4880f1bad43768c814/out/vs/workbench/api/node/extensionHostProcess.js:114:8567)
	at l.terminate (/var/www/html/.vscode-server/bin/660393deaaa6d1996740ff4880f1bad43768c814/out/vs/workbench/api/node/extensionHostProcess.js:118:1532)
	at E (/var/www/html/.vscode-server/bin/660393deaaa6d1996740ff4880f1bad43768c814/out/vs/workbench/api/node/extensionHostProcess.js:128:32236)
	at i.value (/var/www/html/.vscode-server/bin/660393deaaa6d1996740ff4880f1bad43768c814/out/vs/workbench/api/node/extensionHostProcess.js:128:30287)
	at p.w (/var/www/html/.vscode-server/bin/660393deaaa6d1996740ff4880f1bad43768c814/out/vs/workbench/api/node/extensionHostProcess.js:60:1902)
	at p.fire (/var/www/html/.vscode-server/bin/660393deaaa6d1996740ff4880f1bad43768c814/out/vs/workbench/api/node/extensionHostProcess.js:60:2119)
	at fire (/var/www/html/.vscode-server/bin/660393deaaa6d1996740ff4880f1bad43768c814/out/vs/workbench/api/node/extensionHostProcess.js:76:13931)
	at s.z (/var/www/html/.vscode-server/bin/660393deaaa6d1996740ff4880f1bad43768c814/out/vs/workbench/api/node/extensionHostProcess.js:76:16976)
	at i.value (/var/www/html/.vscode-server/bin/660393deaaa6d1996740ff4880f1bad43768c814/out/vs/workbench/api/node/extensionHostProcess.js:76:15428)
	at p.w (/var/www/html/.vscode-server/bin/660393deaaa6d1996740ff4880f1bad43768c814/out/vs/workbench/api/node/extensionHostProcess.js:60:1902)
	at p.fire (/var/www/html/.vscode-server/bin/660393deaaa6d1996740ff4880f1bad43768c814/out/vs/workbench/api/node/extensionHostProcess.js:60:2119)
	at i.acceptChunk (/var/www/html/.vscode-server/bin/660393deaaa6d1996740ff4880f1bad43768c814/out/vs/workbench/api/node/extensionHostProcess.js:76:11705)
	at i.value (/var/www/html/.vscode-server/bin/660393deaaa6d1996740ff4880f1bad43768c814/out/vs/workbench/api/node/extensionHostProcess.js:76:10992)
	at p.w (/var/www/html/.vscode-server/bin/660393deaaa6d1996740ff4880f1bad43768c814/out/vs/workbench/api/node/extensionHostProcess.js:60:1902)
	at p.fire (/var/www/html/.vscode-server/bin/660393deaaa6d1996740ff4880f1bad43768c814/out/vs/workbench/api/node/extensionHostProcess.js:60:2119)
	at p.u (/var/www/html/.vscode-server/bin/660393deaaa6d1996740ff4880f1bad43768c814/out/vs/workbench/api/node/extensionHostProcess.js:128:19065) setContext undefined
2023-09-13 16:55:05.270 [error] Canceled: Canceled
	at Object.I [as $3] (/var/www/html/.vscode-server/bin/660393deaaa6d1996740ff4880f1bad43768c814/out/vs/workbench/api/node/extensionHostProcess.js:7:1032)
	at /var/www/html/.vscode-server/bin/660393deaaa6d1996740ff4880f1bad43768c814/out/vs/workbench/api/node/extensionHostProcess.js:112:8033
	at Array.forEach (<anonymous>)
	at t.dispose (/var/www/html/.vscode-server/bin/660393deaaa6d1996740ff4880f1bad43768c814/out/vs/workbench/api/node/extensionHostProcess.js:112:7998)
	at i.terminate (/var/www/html/.vscode-server/bin/660393deaaa6d1996740ff4880f1bad43768c814/out/vs/workbench/api/node/extensionHostProcess.js:114:8567)
	at l.terminate (/var/www/html/.vscode-server/bin/660393deaaa6d1996740ff4880f1bad43768c814/out/vs/workbench/api/node/extensionHostProcess.js:118:1532)
	at E (/var/www/html/.vscode-server/bin/660393deaaa6d1996740ff4880f1bad43768c814/out/vs/workbench/api/node/extensionHostProcess.js:128:32236)
	at i.value (/var/www/html/.vscode-server/bin/660393deaaa6d1996740ff4880f1bad43768c814/out/vs/workbench/api/node/extensionHostProcess.js:128:30287)
	at p.w (/var/www/html/.vscode-server/bin/660393deaaa6d1996740ff4880f1bad43768c814/out/vs/workbench/api/node/extensionHostProcess.js:60:1902)
	at p.fire (/var/www/html/.vscode-server/bin/660393deaaa6d1996740ff4880f1bad43768c814/out/vs/workbench/api/node/extensionHostProcess.js:60:2119)
	at fire (/var/www/html/.vscode-server/bin/660393deaaa6d1996740ff4880f1bad43768c814/out/vs/workbench/api/node/extensionHostProcess.js:76:13931)
	at s.z (/var/www/html/.vscode-server/bin/660393deaaa6d1996740ff4880f1bad43768c814/out/vs/workbench/api/node/extensionHostProcess.js:76:16976)
	at i.value (/var/www/html/.vscode-server/bin/660393deaaa6d1996740ff4880f1bad43768c814/out/vs/workbench/api/node/extensionHostProcess.js:76:15428)
	at p.w (/var/www/html/.vscode-server/bin/660393deaaa6d1996740ff4880f1bad43768c814/out/vs/workbench/api/node/extensionHostProcess.js:60:1902)
	at p.fire (/var/www/html/.vscode-server/bin/660393deaaa6d1996740ff4880f1bad43768c814/out/vs/workbench/api/node/extensionHostProcess.js:60:2119)
	at i.acceptChunk (/var/www/html/.vscode-server/bin/660393deaaa6d1996740ff4880f1bad43768c814/out/vs/workbench/api/node/extensionHostProcess.js:76:11705)
	at i.value (/var/www/html/.vscode-server/bin/660393deaaa6d1996740ff4880f1bad43768c814/out/vs/workbench/api/node/extensionHostProcess.js:76:10992)
	at p.w (/var/www/html/.vscode-server/bin/660393deaaa6d1996740ff4880f1bad43768c814/out/vs/workbench/api/node/extensionHostProcess.js:60:1902)
	at p.fire (/var/www/html/.vscode-server/bin/660393deaaa6d1996740ff4880f1bad43768c814/out/vs/workbench/api/node/extensionHostProcess.js:60:2119)
	at p.u (/var/www/html/.vscode-server/bin/660393deaaa6d1996740ff4880f1bad43768c814/out/vs/workbench/api/node/extensionHostProcess.js:128:19065) setContext undefined
2023-09-13 16:55:05.275 [error] Canceled: Canceled
	at Object.I [as $3] (/var/www/html/.vscode-server/bin/660393deaaa6d1996740ff4880f1bad43768c814/out/vs/workbench/api/node/extensionHostProcess.js:7:1032)
	at /var/www/html/.vscode-server/bin/660393deaaa6d1996740ff4880f1bad43768c814/out/vs/workbench/api/node/extensionHostProcess.js:112:8033
	at Array.forEach (<anonymous>)
	at t.dispose (/var/www/html/.vscode-server/bin/660393deaaa6d1996740ff4880f1bad43768c814/out/vs/workbench/api/node/extensionHostProcess.js:112:7998)
	at i.terminate (/var/www/html/.vscode-server/bin/660393deaaa6d1996740ff4880f1bad43768c814/out/vs/workbench/api/node/extensionHostProcess.js:114:8567)
	at l.terminate (/var/www/html/.vscode-server/bin/660393deaaa6d1996740ff4880f1bad43768c814/out/vs/workbench/api/node/extensionHostProcess.js:118:1532)
	at E (/var/www/html/.vscode-server/bin/660393deaaa6d1996740ff4880f1bad43768c814/out/vs/workbench/api/node/extensionHostProcess.js:128:32236)
	at i.value (/var/www/html/.vscode-server/bin/660393deaaa6d1996740ff4880f1bad43768c814/out/vs/workbench/api/node/extensionHostProcess.js:128:30287)
	at p.w (/var/www/html/.vscode-server/bin/660393deaaa6d1996740ff4880f1bad43768c814/out/vs/workbench/api/node/extensionHostProcess.js:60:1902)
	at p.fire (/var/www/html/.vscode-server/bin/660393deaaa6d1996740ff4880f1bad43768c814/out/vs/workbench/api/node/extensionHostProcess.js:60:2119)
	at fire (/var/www/html/.vscode-server/bin/660393deaaa6d1996740ff4880f1bad43768c814/out/vs/workbench/api/node/extensionHostProcess.js:76:13931)
	at s.z (/var/www/html/.vscode-server/bin/660393deaaa6d1996740ff4880f1bad43768c814/out/vs/workbench/api/node/extensionHostProcess.js:76:16976)
	at i.value (/var/www/html/.vscode-server/bin/660393deaaa6d1996740ff4880f1bad43768c814/out/vs/workbench/api/node/extensionHostProcess.js:76:15428)
	at p.w (/var/www/html/.vscode-server/bin/660393deaaa6d1996740ff4880f1bad43768c814/out/vs/workbench/api/node/extensionHostProcess.js:60:1902)
	at p.fire (/var/www/html/.vscode-server/bin/660393deaaa6d1996740ff4880f1bad43768c814/out/vs/workbench/api/node/extensionHostProcess.js:60:2119)
	at i.acceptChunk (/var/www/html/.vscode-server/bin/660393deaaa6d1996740ff4880f1bad43768c814/out/vs/workbench/api/node/extensionHostProcess.js:76:11705)
	at i.value (/var/www/html/.vscode-server/bin/660393deaaa6d1996740ff4880f1bad43768c814/out/vs/workbench/api/node/extensionHostProcess.js:76:10992)
	at p.w (/var/www/html/.vscode-server/bin/660393deaaa6d1996740ff4880f1bad43768c814/out/vs/workbench/api/node/extensionHostProcess.js:60:1902)
	at p.fire (/var/www/html/.vscode-server/bin/660393deaaa6d1996740ff4880f1bad43768c814/out/vs/workbench/api/node/extensionHostProcess.js:60:2119)
	at p.u (/var/www/html/.vscode-server/bin/660393deaaa6d1996740ff4880f1bad43768c814/out/vs/workbench/api/node/extensionHostProcess.js:128:19065) setContext undefined
2023-09-13 16:55:05.276 [error] Canceled: Canceled
	at Object.I [as $3] (/var/www/html/.vscode-server/bin/660393deaaa6d1996740ff4880f1bad43768c814/out/vs/workbench/api/node/extensionHostProcess.js:7:1032)
	at /var/www/html/.vscode-server/bin/660393deaaa6d1996740ff4880f1bad43768c814/out/vs/workbench/api/node/extensionHostProcess.js:112:8033
	at Array.forEach (<anonymous>)
	at t.dispose (/var/www/html/.vscode-server/bin/660393deaaa6d1996740ff4880f1bad43768c814/out/vs/workbench/api/node/extensionHostProcess.js:112:7998)
	at i.terminate (/var/www/html/.vscode-server/bin/660393deaaa6d1996740ff4880f1bad43768c814/out/vs/workbench/api/node/extensionHostProcess.js:114:8567)
	at l.terminate (/var/www/html/.vscode-server/bin/660393deaaa6d1996740ff4880f1bad43768c814/out/vs/workbench/api/node/extensionHostProcess.js:118:1532)
	at E (/var/www/html/.vscode-server/bin/660393deaaa6d1996740ff4880f1bad43768c814/out/vs/workbench/api/node/extensionHostProcess.js:128:32236)
	at i.value (/var/www/html/.vscode-server/bin/660393deaaa6d1996740ff4880f1bad43768c814/out/vs/workbench/api/node/extensionHostProcess.js:128:30287)
	at p.w (/var/www/html/.vscode-server/bin/660393deaaa6d1996740ff4880f1bad43768c814/out/vs/workbench/api/node/extensionHostProcess.js:60:1902)
	at p.fire (/var/www/html/.vscode-server/bin/660393deaaa6d1996740ff4880f1bad43768c814/out/vs/workbench/api/node/extensionHostProcess.js:60:2119)
	at fire (/var/www/html/.vscode-server/bin/660393deaaa6d1996740ff4880f1bad43768c814/out/vs/workbench/api/node/extensionHostProcess.js:76:13931)
	at s.z (/var/www/html/.vscode-server/bin/660393deaaa6d1996740ff4880f1bad43768c814/out/vs/workbench/api/node/extensionHostProcess.js:76:16976)
	at i.value (/var/www/html/.vscode-server/bin/660393deaaa6d1996740ff4880f1bad43768c814/out/vs/workbench/api/node/extensionHostProcess.js:76:15428)
	at p.w (/var/www/html/.vscode-server/bin/660393deaaa6d1996740ff4880f1bad43768c814/out/vs/workbench/api/node/extensionHostProcess.js:60:1902)
	at p.fire (/var/www/html/.vscode-server/bin/660393deaaa6d1996740ff4880f1bad43768c814/out/vs/workbench/api/node/extensionHostProcess.js:60:2119)
	at i.acceptChunk (/var/www/html/.vscode-server/bin/660393deaaa6d1996740ff4880f1bad43768c814/out/vs/workbench/api/node/extensionHostProcess.js:76:11705)
	at i.value (/var/www/html/.vscode-server/bin/660393deaaa6d1996740ff4880f1bad43768c814/out/vs/workbench/api/node/extensionHostProcess.js:76:10992)
	at p.w (/var/www/html/.vscode-server/bin/660393deaaa6d1996740ff4880f1bad43768c814/out/vs/workbench/api/node/extensionHostProcess.js:60:1902)
	at p.fire (/var/www/html/.vscode-server/bin/660393deaaa6d1996740ff4880f1bad43768c814/out/vs/workbench/api/node/extensionHostProcess.js:60:2119)
	at p.u (/var/www/html/.vscode-server/bin/660393deaaa6d1996740ff4880f1bad43768c814/out/vs/workbench/api/node/extensionHostProcess.js:128:19065) setContext undefined
2023-09-13 16:55:05.276 [error] Canceled: Canceled
	at Object.I [as $3] (/var/www/html/.vscode-server/bin/660393deaaa6d1996740ff4880f1bad43768c814/out/vs/workbench/api/node/extensionHostProcess.js:7:1032)
	at /var/www/html/.vscode-server/bin/660393deaaa6d1996740ff4880f1bad43768c814/out/vs/workbench/api/node/extensionHostProcess.js:112:8033
	at Array.forEach (<anonymous>)
	at t.dispose (/var/www/html/.vscode-server/bin/660393deaaa6d1996740ff4880f1bad43768c814/out/vs/workbench/api/node/extensionHostProcess.js:112:7998)
	at i.terminate (/var/www/html/.vscode-server/bin/660393deaaa6d1996740ff4880f1bad43768c814/out/vs/workbench/api/node/extensionHostProcess.js:114:8567)
	at l.terminate (/var/www/html/.vscode-server/bin/660393deaaa6d1996740ff4880f1bad43768c814/out/vs/workbench/api/node/extensionHostProcess.js:118:1532)
	at E (/var/www/html/.vscode-server/bin/660393deaaa6d1996740ff4880f1bad43768c814/out/vs/workbench/api/node/extensionHostProcess.js:128:32236)
	at i.value (/var/www/html/.vscode-server/bin/660393deaaa6d1996740ff4880f1bad43768c814/out/vs/workbench/api/node/extensionHostProcess.js:128:30287)
	at p.w (/var/www/html/.vscode-server/bin/660393deaaa6d1996740ff4880f1bad43768c814/out/vs/workbench/api/node/extensionHostProcess.js:60:1902)
	at p.fire (/var/www/html/.vscode-server/bin/660393deaaa6d1996740ff4880f1bad43768c814/out/vs/workbench/api/node/extensionHostProcess.js:60:2119)
	at fire (/var/www/html/.vscode-server/bin/660393deaaa6d1996740ff4880f1bad43768c814/out/vs/workbench/api/node/extensionHostProcess.js:76:13931)
	at s.z (/var/www/html/.vscode-server/bin/660393deaaa6d1996740ff4880f1bad43768c814/out/vs/workbench/api/node/extensionHostProcess.js:76:16976)
	at i.value (/var/www/html/.vscode-server/bin/660393deaaa6d1996740ff4880f1bad43768c814/out/vs/workbench/api/node/extensionHostProcess.js:76:15428)
	at p.w (/var/www/html/.vscode-server/bin/660393deaaa6d1996740ff4880f1bad43768c814/out/vs/workbench/api/node/extensionHostProcess.js:60:1902)
	at p.fire (/var/www/html/.vscode-server/bin/660393deaaa6d1996740ff4880f1bad43768c814/out/vs/workbench/api/node/extensionHostProcess.js:60:2119)
	at i.acceptChunk (/var/www/html/.vscode-server/bin/660393deaaa6d1996740ff4880f1bad43768c814/out/vs/workbench/api/node/extensionHostProcess.js:76:11705)
	at i.value (/var/www/html/.vscode-server/bin/660393deaaa6d1996740ff4880f1bad43768c814/out/vs/workbench/api/node/extensionHostProcess.js:76:10992)
	at p.w (/var/www/html/.vscode-server/bin/660393deaaa6d1996740ff4880f1bad43768c814/out/vs/workbench/api/node/extensionHostProcess.js:60:1902)
	at p.fire (/var/www/html/.vscode-server/bin/660393deaaa6d1996740ff4880f1bad43768c814/out/vs/workbench/api/node/extensionHostProcess.js:60:2119)
	at p.u (/var/www/html/.vscode-server/bin/660393deaaa6d1996740ff4880f1bad43768c814/out/vs/workbench/api/node/extensionHostProcess.js:128:19065) setContext undefined
2023-09-13 16:55:05.276 [error] Canceled: Canceled
	at Object.I [as $3] (/var/www/html/.vscode-server/bin/660393deaaa6d1996740ff4880f1bad43768c814/out/vs/workbench/api/node/extensionHostProcess.js:7:1032)
	at /var/www/html/.vscode-server/bin/660393deaaa6d1996740ff4880f1bad43768c814/out/vs/workbench/api/node/extensionHostProcess.js:112:8033
	at Array.forEach (<anonymous>)
	at t.dispose (/var/www/html/.vscode-server/bin/660393deaaa6d1996740ff4880f1bad43768c814/out/vs/workbench/api/node/extensionHostProcess.js:112:7998)
	at i.terminate (/var/www/html/.vscode-server/bin/660393deaaa6d1996740ff4880f1bad43768c814/out/vs/workbench/api/node/extensionHostProcess.js:114:8567)
	at l.terminate (/var/www/html/.vscode-server/bin/660393deaaa6d1996740ff4880f1bad43768c814/out/vs/workbench/api/node/extensionHostProcess.js:118:1532)
	at E (/var/www/html/.vscode-server/bin/660393deaaa6d1996740ff4880f1bad43768c814/out/vs/workbench/api/node/extensionHostProcess.js:128:32236)
	at i.value (/var/www/html/.vscode-server/bin/660393deaaa6d1996740ff4880f1bad43768c814/out/vs/workbench/api/node/extensionHostProcess.js:128:30287)
	at p.w (/var/www/html/.vscode-server/bin/660393deaaa6d1996740ff4880f1bad43768c814/out/vs/workbench/api/node/extensionHostProcess.js:60:1902)
	at p.fire (/var/www/html/.vscode-server/bin/660393deaaa6d1996740ff4880f1bad43768c814/out/vs/workbench/api/node/extensionHostProcess.js:60:2119)
	at fire (/var/www/html/.vscode-server/bin/660393deaaa6d1996740ff4880f1bad43768c814/out/vs/workbench/api/node/extensionHostProcess.js:76:13931)
	at s.z (/var/www/html/.vscode-server/bin/660393deaaa6d1996740ff4880f1bad43768c814/out/vs/workbench/api/node/extensionHostProcess.js:76:16976)
	at i.value (/var/www/html/.vscode-server/bin/660393deaaa6d1996740ff4880f1bad43768c814/out/vs/workbench/api/node/extensionHostProcess.js:76:15428)
	at p.w (/var/www/html/.vscode-server/bin/660393deaaa6d1996740ff4880f1bad43768c814/out/vs/workbench/api/node/extensionHostProcess.js:60:1902)
	at p.fire (/var/www/html/.vscode-server/bin/660393deaaa6d1996740ff4880f1bad43768c814/out/vs/workbench/api/node/extensionHostProcess.js:60:2119)
	at i.acceptChunk (/var/www/html/.vscode-server/bin/660393deaaa6d1996740ff4880f1bad43768c814/out/vs/workbench/api/node/extensionHostProcess.js:76:11705)
	at i.value (/var/www/html/.vscode-server/bin/660393deaaa6d1996740ff4880f1bad43768c814/out/vs/workbench/api/node/extensionHostProcess.js:76:10992)
	at p.w (/var/www/html/.vscode-server/bin/660393deaaa6d1996740ff4880f1bad43768c814/out/vs/workbench/api/node/extensionHostProcess.js:60:1902)
	at p.fire (/var/www/html/.vscode-server/bin/660393deaaa6d1996740ff4880f1bad43768c814/out/vs/workbench/api/node/extensionHostProcess.js:60:2119)
	at p.u (/var/www/html/.vscode-server/bin/660393deaaa6d1996740ff4880f1bad43768c814/out/vs/workbench/api/node/extensionHostProcess.js:128:19065) setContext undefined
2023-09-13 16:55:05.277 [error] Canceled: Canceled
	at Object.I [as $3] (/var/www/html/.vscode-server/bin/660393deaaa6d1996740ff4880f1bad43768c814/out/vs/workbench/api/node/extensionHostProcess.js:7:1032)
	at /var/www/html/.vscode-server/bin/660393deaaa6d1996740ff4880f1bad43768c814/out/vs/workbench/api/node/extensionHostProcess.js:112:8033
	at Array.forEach (<anonymous>)
	at t.dispose (/var/www/html/.vscode-server/bin/660393deaaa6d1996740ff4880f1bad43768c814/out/vs/workbench/api/node/extensionHostProcess.js:112:7998)
	at i.terminate (/var/www/html/.vscode-server/bin/660393deaaa6d1996740ff4880f1bad43768c814/out/vs/workbench/api/node/extensionHostProcess.js:114:8567)
	at l.terminate (/var/www/html/.vscode-server/bin/660393deaaa6d1996740ff4880f1bad43768c814/out/vs/workbench/api/node/extensionHostProcess.js:118:1532)
	at E (/var/www/html/.vscode-server/bin/660393deaaa6d1996740ff4880f1bad43768c814/out/vs/workbench/api/node/extensionHostProcess.js:128:32236)
	at i.value (/var/www/html/.vscode-server/bin/660393deaaa6d1996740ff4880f1bad43768c814/out/vs/workbench/api/node/extensionHostProcess.js:128:30287)
	at p.w (/var/www/html/.vscode-server/bin/660393deaaa6d1996740ff4880f1bad43768c814/out/vs/workbench/api/node/extensionHostProcess.js:60:1902)
	at p.fire (/var/www/html/.vscode-server/bin/660393deaaa6d1996740ff4880f1bad43768c814/out/vs/workbench/api/node/extensionHostProcess.js:60:2119)
	at fire (/var/www/html/.vscode-server/bin/660393deaaa6d1996740ff4880f1bad43768c814/out/vs/workbench/api/node/extensionHostProcess.js:76:13931)
	at s.z (/var/www/html/.vscode-server/bin/660393deaaa6d1996740ff4880f1bad43768c814/out/vs/workbench/api/node/extensionHostProcess.js:76:16976)
	at i.value (/var/www/html/.vscode-server/bin/660393deaaa6d1996740ff4880f1bad43768c814/out/vs/workbench/api/node/extensionHostProcess.js:76:15428)
	at p.w (/var/www/html/.vscode-server/bin/660393deaaa6d1996740ff4880f1bad43768c814/out/vs/workbench/api/node/extensionHostProcess.js:60:1902)
	at p.fire (/var/www/html/.vscode-server/bin/660393deaaa6d1996740ff4880f1bad43768c814/out/vs/workbench/api/node/extensionHostProcess.js:60:2119)
	at i.acceptChunk (/var/www/html/.vscode-server/bin/660393deaaa6d1996740ff4880f1bad43768c814/out/vs/workbench/api/node/extensionHostProcess.js:76:11705)
	at i.value (/var/www/html/.vscode-server/bin/660393deaaa6d1996740ff4880f1bad43768c814/out/vs/workbench/api/node/extensionHostProcess.js:76:10992)
	at p.w (/var/www/html/.vscode-server/bin/660393deaaa6d1996740ff4880f1bad43768c814/out/vs/workbench/api/node/extensionHostProcess.js:60:1902)
	at p.fire (/var/www/html/.vscode-server/bin/660393deaaa6d1996740ff4880f1bad43768c814/out/vs/workbench/api/node/extensionHostProcess.js:60:2119)
	at p.u (/var/www/html/.vscode-server/bin/660393deaaa6d1996740ff4880f1bad43768c814/out/vs/workbench/api/node/extensionHostProcess.js:128:19065) setContext undefined
2023-09-13 16:55:05.277 [error] Canceled: Canceled
	at Object.I [as $3] (/var/www/html/.vscode-server/bin/660393deaaa6d1996740ff4880f1bad43768c814/out/vs/workbench/api/node/extensionHostProcess.js:7:1032)
	at /var/www/html/.vscode-server/bin/660393deaaa6d1996740ff4880f1bad43768c814/out/vs/workbench/api/node/extensionHostProcess.js:112:8033
	at Array.forEach (<anonymous>)
	at t.dispose (/var/www/html/.vscode-server/bin/660393deaaa6d1996740ff4880f1bad43768c814/out/vs/workbench/api/node/extensionHostProcess.js:112:7998)
	at i.terminate (/var/www/html/.vscode-server/bin/660393deaaa6d1996740ff4880f1bad43768c814/out/vs/workbench/api/node/extensionHostProcess.js:114:8567)
	at l.terminate (/var/www/html/.vscode-server/bin/660393deaaa6d1996740ff4880f1bad43768c814/out/vs/workbench/api/node/extensionHostProcess.js:118:1532)
	at E (/var/www/html/.vscode-server/bin/660393deaaa6d1996740ff4880f1bad43768c814/out/vs/workbench/api/node/extensionHostProcess.js:128:32236)
	at i.value (/var/www/html/.vscode-server/bin/660393deaaa6d1996740ff4880f1bad43768c814/out/vs/workbench/api/node/extensionHostProcess.js:128:30287)
	at p.w (/var/www/html/.vscode-server/bin/660393deaaa6d1996740ff4880f1bad43768c814/out/vs/workbench/api/node/extensionHostProcess.js:60:1902)
	at p.fire (/var/www/html/.vscode-server/bin/660393deaaa6d1996740ff4880f1bad43768c814/out/vs/workbench/api/node/extensionHostProcess.js:60:2119)
	at fire (/var/www/html/.vscode-server/bin/660393deaaa6d1996740ff4880f1bad43768c814/out/vs/workbench/api/node/extensionHostProcess.js:76:13931)
	at s.z (/var/www/html/.vscode-server/bin/660393deaaa6d1996740ff4880f1bad43768c814/out/vs/workbench/api/node/extensionHostProcess.js:76:16976)
	at i.value (/var/www/html/.vscode-server/bin/660393deaaa6d1996740ff4880f1bad43768c814/out/vs/workbench/api/node/extensionHostProcess.js:76:15428)
	at p.w (/var/www/html/.vscode-server/bin/660393deaaa6d1996740ff4880f1bad43768c814/out/vs/workbench/api/node/extensionHostProcess.js:60:1902)
	at p.fire (/var/www/html/.vscode-server/bin/660393deaaa6d1996740ff4880f1bad43768c814/out/vs/workbench/api/node/extensionHostProcess.js:60:2119)
	at i.acceptChunk (/var/www/html/.vscode-server/bin/660393deaaa6d1996740ff4880f1bad43768c814/out/vs/workbench/api/node/extensionHostProcess.js:76:11705)
	at i.value (/var/www/html/.vscode-server/bin/660393deaaa6d1996740ff4880f1bad43768c814/out/vs/workbench/api/node/extensionHostProcess.js:76:10992)
	at p.w (/var/www/html/.vscode-server/bin/660393deaaa6d1996740ff4880f1bad43768c814/out/vs/workbench/api/node/extensionHostProcess.js:60:1902)
	at p.fire (/var/www/html/.vscode-server/bin/660393deaaa6d1996740ff4880f1bad43768c814/out/vs/workbench/api/node/extensionHostProcess.js:60:2119)
	at p.u (/var/www/html/.vscode-server/bin/660393deaaa6d1996740ff4880f1bad43768c814/out/vs/workbench/api/node/extensionHostProcess.js:128:19065) setContext undefined
2023-09-13 16:55:05.277 [info] Extension host with pid 1472 exiting with code 0
