2023-10-25 12:32:32.854 [info] Extension host with pid 1012 started
2023-10-25 12:32:32.975 [info] Lock '/var/www/html/.vscode-server/data/User/workspaceStorage/322762d16c88a99fa538e2deb0fd92ed/vscode.lock': Lock acquired.
2023-10-25 12:32:33.052 [info] ExtensionService#_doActivateExtension vscode.git-base, startup: true, activationEvent: '*', root cause: vscode.git
2023-10-25 12:32:33.143 [info] ExtensionService#_doActivateExtension vscode.git, startup: true, activationEvent: '*'
2023-10-25 12:32:33.143 [info] ExtensionService#_doActivateExtension vscode.github, startup: true, activationEvent: '*'
2023-10-25 12:32:33.889 [info] Eager extensions activated
2023-10-25 12:32:33.889 [info] ExtensionService#_doActivateExtension vscode.debug-auto-launch, startup: false, activationEvent: 'onStartupFinished'
2023-10-25 12:32:33.890 [info] ExtensionService#_doActivateExtension vscode.merge-conflict, startup: false, activationEvent: 'onStartupFinished'
2023-10-25 12:32:34.289 [warning] [Decorations] CAPPING events from decorations provider vscode.git 1450
2023-10-25 12:32:34.971 [info] ExtensionService#_doActivateExtension vscode.emmet, startup: false, activationEvent: 'onLanguage'
2023-10-25 12:32:35.148 [warning] [Decorations] CAPPING events from decorations provider vscode.git 1450
2023-10-25 12:33:18.212 [warning] [Decorations] CAPPING events from decorations provider vscode.git 1451
2023-10-25 12:33:23.344 [warning] [Decorations] CAPPING events from decorations provider vscode.git 1451
2023-10-25 12:33:28.484 [warning] [Decorations] CAPPING events from decorations provider vscode.git 1451
2023-10-25 12:33:29.749 [info] ExtensionService#_doActivateExtension vscode.html-language-features, startup: false, activationEvent: 'onLanguage:html'
2023-10-25 12:33:33.573 [warning] [Decorations] CAPPING events from decorations provider vscode.git 1452
2023-10-25 12:33:38.622 [warning] [Decorations] CAPPING events from decorations provider vscode.git 1452
2023-10-25 12:33:43.713 [warning] [Decorations] CAPPING events from decorations provider vscode.git 1452
2023-10-25 12:33:48.775 [warning] [Decorations] CAPPING events from decorations provider vscode.git 1452
2023-10-25 12:33:53.903 [warning] [Decorations] CAPPING events from decorations provider vscode.git 1452
2023-10-25 12:33:59.030 [warning] [Decorations] CAPPING events from decorations provider vscode.git 1452
2023-10-25 12:34:04.103 [warning] [Decorations] CAPPING events from decorations provider vscode.git 1452
2023-10-25 12:34:09.198 [warning] [Decorations] CAPPING events from decorations provider vscode.git 1452
2023-10-25 12:34:14.324 [warning] [Decorations] CAPPING events from decorations provider vscode.git 1452
2023-10-25 12:34:28.646 [warning] [Decorations] CAPPING events from decorations provider vscode.git 1452
2023-10-25 12:34:33.747 [warning] [Decorations] CAPPING events from decorations provider vscode.git 1452
2023-10-25 12:34:38.880 [warning] [Decorations] CAPPING events from decorations provider vscode.git 1452
2023-10-25 12:34:44.002 [warning] [Decorations] CAPPING events from decorations provider vscode.git 1452
2023-10-25 12:35:45.636 [warning] [Decorations] CAPPING events from decorations provider vscode.git 1452
2023-10-25 12:35:50.708 [warning] [Decorations] CAPPING events from decorations provider vscode.git 1452
2023-10-25 12:36:02.300 [warning] [Decorations] CAPPING events from decorations provider vscode.git 1452
2023-10-25 12:36:07.450 [warning] [Decorations] CAPPING events from decorations provider vscode.git 1453
2023-10-25 12:36:13.664 [warning] [Decorations] CAPPING events from decorations provider vscode.git 1456
2023-10-25 12:36:18.714 [warning] [Decorations] CAPPING events from decorations provider vscode.git 1459
2023-10-25 12:36:23.800 [warning] [Decorations] CAPPING events from decorations provider vscode.git 1462
2023-10-25 12:36:29.701 [warning] [Decorations] CAPPING events from decorations provider vscode.git 1464
2023-10-25 12:36:34.751 [warning] [Decorations] CAPPING events from decorations provider vscode.git 1553
2023-10-25 12:36:41.030 [warning] [Decorations] CAPPING events from decorations provider vscode.git 1553
2023-10-25 12:36:46.634 [warning] [Decorations] CAPPING events from decorations provider vscode.git 1553
2023-10-25 12:36:51.712 [warning] [Decorations] CAPPING events from decorations provider vscode.git 1553
2023-10-25 12:36:56.830 [warning] [Decorations] CAPPING events from decorations provider vscode.git 1553
2023-10-25 12:37:01.903 [warning] [Decorations] CAPPING events from decorations provider vscode.git 1553
2023-10-25 12:37:06.954 [warning] [Decorations] CAPPING events from decorations provider vscode.git 1553
2023-10-25 12:37:12.043 [warning] [Decorations] CAPPING events from decorations provider vscode.git 1553
2023-10-25 12:37:17.163 [warning] [Decorations] CAPPING events from decorations provider vscode.git 1553
2023-10-25 12:37:22.225 [warning] [Decorations] CAPPING events from decorations provider vscode.git 1553
2023-10-25 12:37:27.386 [warning] [Decorations] CAPPING events from decorations provider vscode.git 1553
2023-10-25 12:37:32.435 [warning] [Decorations] CAPPING events from decorations provider vscode.git 1553
2023-10-25 12:37:38.408 [warning] [Decorations] CAPPING events from decorations provider vscode.git 1552
2023-10-25 12:37:43.490 [warning] [Decorations] CAPPING events from decorations provider vscode.git 1552
2023-10-25 12:37:48.564 [warning] [Decorations] CAPPING events from decorations provider vscode.git 1552
2023-10-25 12:37:53.633 [warning] [Decorations] CAPPING events from decorations provider vscode.git 1552
2023-10-25 12:37:59.209 [warning] [Decorations] CAPPING events from decorations provider vscode.git 1552
2023-10-25 12:38:04.263 [warning] [Decorations] CAPPING events from decorations provider vscode.git 1552
2023-10-25 12:38:09.310 [warning] [Decorations] CAPPING events from decorations provider vscode.git 1552
2023-10-25 12:38:14.443 [warning] [Decorations] CAPPING events from decorations provider vscode.git 1552
2023-10-25 12:38:31.993 [warning] [Decorations] CAPPING events from decorations provider vscode.git 1553
2023-10-25 12:38:37.071 [warning] [Decorations] CAPPING events from decorations provider vscode.git 1552
2023-10-25 12:38:42.152 [warning] [Decorations] CAPPING events from decorations provider vscode.git 1552
2023-10-25 12:38:47.267 [warning] [Decorations] CAPPING events from decorations provider vscode.git 1552
2023-10-25 12:38:52.381 [warning] [Decorations] CAPPING events from decorations provider vscode.git 1552
2023-10-25 12:39:01.770 [warning] [Decorations] CAPPING events from decorations provider vscode.git 1552
2023-10-25 12:39:08.213 [warning] [Decorations] CAPPING events from decorations provider vscode.git 1552
2023-10-25 12:39:21.497 [warning] [Decorations] CAPPING events from decorations provider vscode.git 1553
2023-10-25 12:39:27.529 [warning] [Decorations] CAPPING events from decorations provider vscode.git 1552
2023-10-25 12:39:38.967 [warning] [Decorations] CAPPING events from decorations provider vscode.git 1553
2023-10-25 12:39:44.026 [warning] [Decorations] CAPPING events from decorations provider vscode.git 1553
2023-10-25 12:39:49.111 [warning] [Decorations] CAPPING events from decorations provider vscode.git 1553
2023-10-25 12:39:54.194 [warning] [Decorations] CAPPING events from decorations provider vscode.git 1554
2023-10-25 12:39:59.441 [warning] [Decorations] CAPPING events from decorations provider vscode.git 1553
2023-10-25 12:40:04.500 [warning] [Decorations] CAPPING events from decorations provider vscode.git 1554
2023-10-25 12:40:10.629 [warning] [Decorations] CAPPING events from decorations provider vscode.git 1553
2023-10-25 12:40:15.700 [warning] [Decorations] CAPPING events from decorations provider vscode.git 1554
2023-10-25 12:41:50.364 [warning] [Decorations] CAPPING events from decorations provider vscode.git 1554
2023-10-25 12:41:55.488 [warning] [Decorations] CAPPING events from decorations provider vscode.git 1552
2023-10-25 12:42:00.568 [warning] [Decorations] CAPPING events from decorations provider vscode.git 1552
2023-10-25 12:42:31.679 [warning] [Decorations] CAPPING events from decorations provider vscode.git 1552
2023-10-25 12:42:36.800 [warning] [Decorations] CAPPING events from decorations provider vscode.git 1552
2023-10-25 12:43:37.413 [warning] [Decorations] CAPPING events from decorations provider vscode.git 1552
2023-10-25 12:43:42.491 [warning] [Decorations] CAPPING events from decorations provider vscode.git 1552
2023-10-25 12:43:47.576 [warning] [Decorations] CAPPING events from decorations provider vscode.git 1552
2023-10-25 12:43:52.663 [warning] [Decorations] CAPPING events from decorations provider vscode.git 1552
2023-10-25 12:43:57.734 [warning] [Decorations] CAPPING events from decorations provider vscode.git 1552
2023-10-25 12:44:02.794 [warning] [Decorations] CAPPING events from decorations provider vscode.git 1552
2023-10-25 12:44:07.880 [warning] [Decorations] CAPPING events from decorations provider vscode.git 1554
2023-10-25 12:44:18.079 [warning] [Decorations] CAPPING events from decorations provider vscode.git 1554
2023-10-25 12:44:23.157 [warning] [Decorations] CAPPING events from decorations provider vscode.git 1555
2023-10-25 12:44:28.229 [warning] [Decorations] CAPPING events from decorations provider vscode.git 1555
2023-10-25 12:44:33.347 [warning] [Decorations] CAPPING events from decorations provider vscode.git 1555
2023-10-25 12:44:38.425 [warning] [Decorations] CAPPING events from decorations provider vscode.git 1555
2023-10-25 12:44:43.508 [warning] [Decorations] CAPPING events from decorations provider vscode.git 1555
2023-10-25 12:44:48.570 [warning] [Decorations] CAPPING events from decorations provider vscode.git 1556
2023-10-25 12:45:01.699 [warning] [Decorations] CAPPING events from decorations provider vscode.git 1556
2023-10-25 12:45:06.796 [warning] [Decorations] CAPPING events from decorations provider vscode.git 1556
2023-10-25 12:45:11.866 [warning] [Decorations] CAPPING events from decorations provider vscode.git 1557
2023-10-25 12:45:16.973 [warning] [Decorations] CAPPING events from decorations provider vscode.git 1557
2023-10-25 12:45:22.103 [warning] [Decorations] CAPPING events from decorations provider vscode.git 1557
2023-10-25 12:46:01.969 [warning] [Decorations] CAPPING events from decorations provider vscode.git 1557
2023-10-25 12:46:07.694 [warning] [Decorations] CAPPING events from decorations provider vscode.git 1557
2023-10-25 12:46:12.796 [warning] [Decorations] CAPPING events from decorations provider vscode.git 1557
2023-10-25 12:46:17.940 [warning] [Decorations] CAPPING events from decorations provider vscode.git 1557
2023-10-25 12:46:23.012 [warning] [Decorations] CAPPING events from decorations provider vscode.git 1558
2023-10-25 12:46:43.755 [warning] [Decorations] CAPPING events from decorations provider vscode.git 1558
2023-10-25 12:46:48.885 [warning] [Decorations] CAPPING events from decorations provider vscode.git 1558
2023-10-25 12:46:53.961 [warning] [Decorations] CAPPING events from decorations provider vscode.git 1559
2023-10-25 12:46:59.086 [warning] [Decorations] CAPPING events from decorations provider vscode.git 1559
2023-10-25 12:47:04.145 [warning] [Decorations] CAPPING events from decorations provider vscode.git 1559
2023-10-25 12:47:09.222 [warning] [Decorations] CAPPING events from decorations provider vscode.git 1559
2023-10-25 12:47:14.340 [warning] [Decorations] CAPPING events from decorations provider vscode.git 1559
2023-10-25 12:47:19.463 [warning] [Decorations] CAPPING events from decorations provider vscode.git 1559
2023-10-25 12:47:24.589 [warning] [Decorations] CAPPING events from decorations provider vscode.git 1559
2023-10-25 12:47:29.636 [warning] [Decorations] CAPPING events from decorations provider vscode.git 1559
2023-10-25 12:47:34.689 [warning] [Decorations] CAPPING events from decorations provider vscode.git 1559
2023-10-25 12:47:39.773 [warning] [Decorations] CAPPING events from decorations provider vscode.git 1559
2023-10-25 12:47:44.900 [warning] [Decorations] CAPPING events from decorations provider vscode.git 1559
2023-10-25 12:47:49.995 [warning] [Decorations] CAPPING events from decorations provider vscode.git 1559
2023-10-25 12:47:55.123 [warning] [Decorations] CAPPING events from decorations provider vscode.git 1559
2023-10-25 12:48:00.197 [warning] [Decorations] CAPPING events from decorations provider vscode.git 1559
2023-10-25 12:48:05.269 [warning] [Decorations] CAPPING events from decorations provider vscode.git 1559
2023-10-25 12:48:10.344 [warning] [Decorations] CAPPING events from decorations provider vscode.git 1559
2023-10-25 12:48:15.462 [warning] [Decorations] CAPPING events from decorations provider vscode.git 1559
2023-10-25 12:48:20.555 [warning] [Decorations] CAPPING events from decorations provider vscode.git 1559
2023-10-25 12:48:25.670 [warning] [Decorations] CAPPING events from decorations provider vscode.git 1559
2023-10-25 12:48:30.769 [warning] [Decorations] CAPPING events from decorations provider vscode.git 1559
2023-10-25 12:48:35.887 [warning] [Decorations] CAPPING events from decorations provider vscode.git 1559
2023-10-25 12:48:40.961 [warning] [Decorations] CAPPING events from decorations provider vscode.git 1559
2023-10-25 12:48:46.043 [warning] [Decorations] CAPPING events from decorations provider vscode.git 1559
2023-10-25 12:48:51.118 [warning] [Decorations] CAPPING events from decorations provider vscode.git 1559
2023-10-25 12:48:56.206 [warning] [Decorations] CAPPING events from decorations provider vscode.git 1559
2023-10-25 12:49:01.292 [warning] [Decorations] CAPPING events from decorations provider vscode.git 1559
2023-10-25 12:49:06.420 [warning] [Decorations] CAPPING events from decorations provider vscode.git 1559
2023-10-25 12:49:11.547 [warning] [Decorations] CAPPING events from decorations provider vscode.git 1559
2023-10-25 12:49:16.603 [warning] [Decorations] CAPPING events from decorations provider vscode.git 1559
2023-10-25 12:49:21.677 [warning] [Decorations] CAPPING events from decorations provider vscode.git 1559
2023-10-25 12:49:26.756 [warning] [Decorations] CAPPING events from decorations provider vscode.git 1559
2023-10-25 12:49:31.836 [warning] [Decorations] CAPPING events from decorations provider vscode.git 1559
2023-10-25 12:49:36.961 [warning] [Decorations] CAPPING events from decorations provider vscode.git 1559
2023-10-25 12:49:42.088 [warning] [Decorations] CAPPING events from decorations provider vscode.git 1559
2023-10-25 12:49:47.219 [warning] [Decorations] CAPPING events from decorations provider vscode.git 1559
2023-10-25 12:49:52.292 [warning] [Decorations] CAPPING events from decorations provider vscode.git 1559
2023-10-25 12:49:57.370 [warning] [Decorations] CAPPING events from decorations provider vscode.git 1559
2023-10-25 12:50:02.446 [warning] [Decorations] CAPPING events from decorations provider vscode.git 1559
2023-10-25 12:50:07.570 [warning] [Decorations] CAPPING events from decorations provider vscode.git 1559
2023-10-25 12:50:12.682 [warning] [Decorations] CAPPING events from decorations provider vscode.git 1559
2023-10-25 12:50:17.804 [warning] [Decorations] CAPPING events from decorations provider vscode.git 1559
2023-10-25 12:50:22.904 [warning] [Decorations] CAPPING events from decorations provider vscode.git 1559
2023-10-25 12:50:27.951 [warning] [Decorations] CAPPING events from decorations provider vscode.git 1559
2023-10-25 12:50:33.032 [warning] [Decorations] CAPPING events from decorations provider vscode.git 1559
2023-10-25 12:50:38.137 [warning] [Decorations] CAPPING events from decorations provider vscode.git 1559
2023-10-25 12:50:43.267 [warning] [Decorations] CAPPING events from decorations provider vscode.git 1559
2023-10-25 12:50:48.392 [warning] [Decorations] CAPPING events from decorations provider vscode.git 1559
2023-10-25 12:50:53.517 [warning] [Decorations] CAPPING events from decorations provider vscode.git 1559
2023-10-25 12:50:58.641 [warning] [Decorations] CAPPING events from decorations provider vscode.git 1559
2023-10-25 12:51:03.768 [warning] [Decorations] CAPPING events from decorations provider vscode.git 1559
2023-10-25 12:51:08.889 [warning] [Decorations] CAPPING events from decorations provider vscode.git 1559
2023-10-25 12:51:13.963 [warning] [Decorations] CAPPING events from decorations provider vscode.git 1559
2023-10-25 12:51:19.045 [warning] [Decorations] CAPPING events from decorations provider vscode.git 1559
2023-10-25 12:51:24.094 [warning] [Decorations] CAPPING events from decorations provider vscode.git 1559
2023-10-25 12:51:29.215 [warning] [Decorations] CAPPING events from decorations provider vscode.git 1559
2023-10-25 12:51:34.331 [warning] [Decorations] CAPPING events from decorations provider vscode.git 1559
2023-10-25 12:51:39.455 [warning] [Decorations] CAPPING events from decorations provider vscode.git 1559
2023-10-25 12:52:13.262 [warning] [Decorations] CAPPING events from decorations provider vscode.git 1559
2023-10-25 12:52:18.351 [warning] [Decorations] CAPPING events from decorations provider vscode.git 1559
2023-10-25 12:52:23.478 [warning] [Decorations] CAPPING events from decorations provider vscode.git 1559
2023-10-25 12:53:17.104 [warning] [Decorations] CAPPING events from decorations provider vscode.git 1561
2023-10-25 12:53:22.188 [warning] [Decorations] CAPPING events from decorations provider vscode.git 1561
2023-10-25 12:53:27.313 [warning] [Decorations] CAPPING events from decorations provider vscode.git 1561
2023-10-25 12:53:32.387 [warning] [Decorations] CAPPING events from decorations provider vscode.git 1561
2023-10-25 12:53:37.475 [warning] [Decorations] CAPPING events from decorations provider vscode.git 1562
2023-10-25 12:53:42.551 [warning] [Decorations] CAPPING events from decorations provider vscode.git 1562
2023-10-25 12:53:56.331 [warning] [Decorations] CAPPING events from decorations provider vscode.git 1562
2023-10-25 12:54:01.452 [warning] [Decorations] CAPPING events from decorations provider vscode.git 1562
2023-10-25 12:54:06.532 [warning] [Decorations] CAPPING events from decorations provider vscode.git 1562
2023-10-25 12:54:11.662 [warning] [Decorations] CAPPING events from decorations provider vscode.git 1562
2023-10-25 12:54:16.743 [warning] [Decorations] CAPPING events from decorations provider vscode.git 1564
2023-10-25 12:54:21.821 [warning] [Decorations] CAPPING events from decorations provider vscode.git 1564
2023-10-25 12:54:26.918 [warning] [Decorations] CAPPING events from decorations provider vscode.git 1564
2023-10-25 12:54:32.035 [warning] [Decorations] CAPPING events from decorations provider vscode.git 1564
2023-10-25 12:54:37.115 [warning] [Decorations] CAPPING events from decorations provider vscode.git 1565
2023-10-25 12:54:42.250 [warning] [Decorations] CAPPING events from decorations provider vscode.git 1565
2023-10-25 12:54:47.317 [warning] [Decorations] CAPPING events from decorations provider vscode.git 1565
2023-10-25 12:54:54.797 [warning] [Decorations] CAPPING events from decorations provider vscode.git 1565
2023-10-25 12:55:08.210 [warning] [Decorations] CAPPING events from decorations provider vscode.git 1565
2023-10-25 12:55:13.281 [warning] [Decorations] CAPPING events from decorations provider vscode.git 1565
2023-10-25 12:55:18.383 [warning] [Decorations] CAPPING events from decorations provider vscode.git 1565
2023-10-25 12:55:23.459 [warning] [Decorations] CAPPING events from decorations provider vscode.git 1565
2023-10-25 12:55:28.534 [warning] [Decorations] CAPPING events from decorations provider vscode.git 1565
2023-10-25 12:55:33.612 [warning] [Decorations] CAPPING events from decorations provider vscode.git 1565
2023-10-25 12:55:38.688 [warning] [Decorations] CAPPING events from decorations provider vscode.git 1565
2023-10-25 12:55:43.783 [warning] [Decorations] CAPPING events from decorations provider vscode.git 1565
2023-10-25 12:55:48.847 [warning] [Decorations] CAPPING events from decorations provider vscode.git 1565
2023-10-25 12:55:53.932 [warning] [Decorations] CAPPING events from decorations provider vscode.git 1566
2023-10-25 12:55:59.057 [warning] [Decorations] CAPPING events from decorations provider vscode.git 1566
2023-10-25 12:56:04.188 [warning] [Decorations] CAPPING events from decorations provider vscode.git 1566
2023-10-25 12:56:09.262 [warning] [Decorations] CAPPING events from decorations provider vscode.git 1566
2023-10-25 12:56:14.384 [warning] [Decorations] CAPPING events from decorations provider vscode.git 1566
2023-10-25 12:56:19.432 [warning] [Decorations] CAPPING events from decorations provider vscode.git 1567
2023-10-25 12:56:24.512 [warning] [Decorations] CAPPING events from decorations provider vscode.git 1567
2023-10-25 12:56:29.578 [warning] [Decorations] CAPPING events from decorations provider vscode.git 1568
2023-10-25 12:56:34.654 [warning] [Decorations] CAPPING events from decorations provider vscode.git 1568
2023-10-25 12:56:39.779 [warning] [Decorations] CAPPING events from decorations provider vscode.git 1568
2023-10-25 12:56:44.850 [warning] [Decorations] CAPPING events from decorations provider vscode.git 1568
2023-10-25 12:56:49.929 [warning] [Decorations] CAPPING events from decorations provider vscode.git 1568
2023-10-25 12:56:55.007 [warning] [Decorations] CAPPING events from decorations provider vscode.git 1568
2023-10-25 12:57:00.080 [warning] [Decorations] CAPPING events from decorations provider vscode.git 1568
2023-10-25 12:57:05.157 [warning] [Decorations] CAPPING events from decorations provider vscode.git 1568
2023-10-25 12:57:10.242 [warning] [Decorations] CAPPING events from decorations provider vscode.git 1570
2023-10-25 12:57:15.310 [warning] [Decorations] CAPPING events from decorations provider vscode.git 1572
2023-10-25 12:57:20.411 [warning] [Decorations] CAPPING events from decorations provider vscode.git 1572
2023-10-25 12:57:25.505 [warning] [Decorations] CAPPING events from decorations provider vscode.git 1573
2023-10-25 12:57:30.579 [warning] [Decorations] CAPPING events from decorations provider vscode.git 1575
2023-10-25 12:57:35.652 [warning] [Decorations] CAPPING events from decorations provider vscode.git 1576
2023-10-25 12:57:40.728 [warning] [Decorations] CAPPING events from decorations provider vscode.git 1578
2023-10-25 12:57:45.807 [warning] [Decorations] CAPPING events from decorations provider vscode.git 1580
2023-10-25 12:57:50.888 [warning] [Decorations] CAPPING events from decorations provider vscode.git 1582
2023-10-25 12:57:55.960 [warning] [Decorations] CAPPING events from decorations provider vscode.git 1584
2023-10-25 12:58:01.039 [warning] [Decorations] CAPPING events from decorations provider vscode.git 1586
2023-10-25 12:58:13.908 [warning] [Decorations] CAPPING events from decorations provider vscode.git 1588
2023-10-25 12:58:18.983 [warning] [Decorations] CAPPING events from decorations provider vscode.git 1588
2023-10-25 12:58:24.060 [warning] [Decorations] CAPPING events from decorations provider vscode.git 1588
2023-10-25 12:58:29.114 [warning] [Decorations] CAPPING events from decorations provider vscode.git 1588
2023-10-25 12:58:34.192 [warning] [Decorations] CAPPING events from decorations provider vscode.git 1588
2023-10-25 12:58:39.283 [warning] [Decorations] CAPPING events from decorations provider vscode.git 1588
2023-10-25 12:58:44.362 [warning] [Decorations] CAPPING events from decorations provider vscode.git 1594
2023-10-25 12:58:52.836 [warning] [Decorations] CAPPING events from decorations provider vscode.git 1589
2023-10-25 12:58:57.912 [warning] [Decorations] CAPPING events from decorations provider vscode.git 1589
2023-10-25 12:59:03.009 [warning] [Decorations] CAPPING events from decorations provider vscode.git 1589
2023-10-25 12:59:08.107 [warning] [Decorations] CAPPING events from decorations provider vscode.git 1589
2023-10-25 12:59:13.252 [warning] [Decorations] CAPPING events from decorations provider vscode.git 1589
2023-10-25 12:59:34.438 [warning] [Decorations] CAPPING events from decorations provider vscode.git 1589
2023-10-25 12:59:39.572 [warning] [Decorations] CAPPING events from decorations provider vscode.git 1589
2023-10-25 12:59:46.048 [warning] [Decorations] CAPPING events from decorations provider vscode.git 1589
2023-10-25 12:59:51.129 [warning] [Decorations] CAPPING events from decorations provider vscode.git 1589
2023-10-25 12:59:56.211 [warning] [Decorations] CAPPING events from decorations provider vscode.git 1589
2023-10-25 13:00:11.290 [warning] [Decorations] CAPPING events from decorations provider vscode.git 1596
2023-10-25 13:00:16.367 [warning] [Decorations] CAPPING events from decorations provider vscode.git 1590
2023-10-25 13:00:21.511 [warning] [Decorations] CAPPING events from decorations provider vscode.git 1590
2023-10-25 13:00:26.648 [warning] [Decorations] CAPPING events from decorations provider vscode.git 1590
2023-10-25 13:00:31.767 [warning] [Decorations] CAPPING events from decorations provider vscode.git 1590
2023-10-25 13:00:36.846 [warning] [Decorations] CAPPING events from decorations provider vscode.git 1591
2023-10-25 13:00:41.968 [warning] [Decorations] CAPPING events from decorations provider vscode.git 1591
2023-10-25 13:03:10.685 [warning] [Decorations] CAPPING events from decorations provider vscode.git 1592
2023-10-25 13:03:15.769 [warning] [Decorations] CAPPING events from decorations provider vscode.git 1593
2023-10-25 13:03:20.843 [warning] [Decorations] CAPPING events from decorations provider vscode.git 1593
2023-10-25 13:03:25.909 [warning] [Decorations] CAPPING events from decorations provider vscode.git 1593
2023-10-25 13:03:30.985 [warning] [Decorations] CAPPING events from decorations provider vscode.git 1593
2023-10-25 13:03:36.065 [warning] [Decorations] CAPPING events from decorations provider vscode.git 1593
2023-10-25 13:03:41.134 [warning] [Decorations] CAPPING events from decorations provider vscode.git 1593
2023-10-25 13:03:46.222 [warning] [Decorations] CAPPING events from decorations provider vscode.git 1593
2023-10-25 13:03:51.306 [warning] [Decorations] CAPPING events from decorations provider vscode.git 1593
2023-10-25 13:03:56.394 [warning] [Decorations] CAPPING events from decorations provider vscode.git 1594
2023-10-25 13:04:01.475 [warning] [Decorations] CAPPING events from decorations provider vscode.git 1594
2023-10-25 13:04:08.269 [warning] [Decorations] CAPPING events from decorations provider vscode.git 1594
2023-10-25 13:04:13.343 [warning] [Decorations] CAPPING events from decorations provider vscode.git 1594
2023-10-25 13:04:18.424 [warning] [Decorations] CAPPING events from decorations provider vscode.git 1594
2023-10-25 13:04:23.497 [warning] [Decorations] CAPPING events from decorations provider vscode.git 1594
2023-10-25 13:04:28.570 [warning] [Decorations] CAPPING events from decorations provider vscode.git 1594
2023-10-25 13:05:25.641 [warning] [Decorations] CAPPING events from decorations provider vscode.git 1595
2023-10-25 13:05:57.673 [warning] [Decorations] CAPPING events from decorations provider vscode.git 1596
2023-10-25 13:06:12.792 [warning] [Decorations] CAPPING events from decorations provider vscode.git 1598
2023-10-25 13:06:17.870 [warning] [Decorations] CAPPING events from decorations provider vscode.git 1599
2023-10-25 13:06:22.972 [warning] [Decorations] CAPPING events from decorations provider vscode.git 1599
2023-10-25 13:06:28.082 [warning] [Decorations] CAPPING events from decorations provider vscode.git 1599
2023-10-25 13:06:33.248 [warning] [Decorations] CAPPING events from decorations provider vscode.git 1599
2023-10-25 13:07:03.494 [warning] [Decorations] CAPPING events from decorations provider vscode.git 1599
2023-10-25 13:07:08.571 [warning] [Decorations] CAPPING events from decorations provider vscode.git 1599
2023-10-25 13:07:13.653 [warning] [Decorations] CAPPING events from decorations provider vscode.git 1600
2023-10-25 13:07:22.752 [warning] [Decorations] CAPPING events from decorations provider vscode.git 1600
2023-10-25 13:07:27.827 [warning] [Decorations] CAPPING events from decorations provider vscode.git 1600
2023-10-25 13:07:32.893 [warning] [Decorations] CAPPING events from decorations provider vscode.git 1600
2023-10-25 13:07:39.090 [warning] [Decorations] CAPPING events from decorations provider vscode.git 1600
2023-10-25 13:07:44.165 [warning] [Decorations] CAPPING events from decorations provider vscode.git 1600
2023-10-25 13:07:49.302 [warning] [Decorations] CAPPING events from decorations provider vscode.git 1600
2023-10-25 13:07:54.433 [warning] [Decorations] CAPPING events from decorations provider vscode.git 1600
2023-10-25 13:07:55.763 [info] ExtensionService#_doActivateExtension vscode.css-language-features, startup: false, activationEvent: 'onLanguage:css'
2023-10-25 13:07:59.514 [warning] [Decorations] CAPPING events from decorations provider vscode.git 1601
2023-10-25 13:08:04.620 [warning] [Decorations] CAPPING events from decorations provider vscode.git 1601
2023-10-25 13:08:09.700 [warning] [Decorations] CAPPING events from decorations provider vscode.git 1603
2023-10-25 13:08:14.792 [warning] [Decorations] CAPPING events from decorations provider vscode.git 1603
2023-10-25 13:08:20.972 [warning] [Decorations] CAPPING events from decorations provider vscode.git 1603
2023-10-25 13:08:26.034 [warning] [Decorations] CAPPING events from decorations provider vscode.git 1603
2023-10-25 13:08:31.110 [warning] [Decorations] CAPPING events from decorations provider vscode.git 1603
2023-10-25 13:08:37.943 [warning] [Decorations] CAPPING events from decorations provider vscode.git 1603
2023-10-25 13:08:43.014 [warning] [Decorations] CAPPING events from decorations provider vscode.git 1603
2023-10-25 13:08:48.088 [warning] [Decorations] CAPPING events from decorations provider vscode.git 1604
2023-10-25 13:08:53.222 [warning] [Decorations] CAPPING events from decorations provider vscode.git 1604
2023-10-25 13:08:58.305 [warning] [Decorations] CAPPING events from decorations provider vscode.git 1604
2023-10-25 13:09:03.377 [warning] [Decorations] CAPPING events from decorations provider vscode.git 1605
2023-10-25 13:09:08.468 [warning] [Decorations] CAPPING events from decorations provider vscode.git 1605
2023-10-25 13:09:13.543 [warning] [Decorations] CAPPING events from decorations provider vscode.git 1605
2023-10-25 13:09:18.625 [warning] [Decorations] CAPPING events from decorations provider vscode.git 1605
2023-10-25 13:09:23.705 [warning] [Decorations] CAPPING events from decorations provider vscode.git 1606
2023-10-25 13:09:28.859 [warning] [Decorations] CAPPING events from decorations provider vscode.git 1606
2023-10-25 13:09:39.762 [warning] [Decorations] CAPPING events from decorations provider vscode.git 1607
2023-10-25 13:09:44.843 [warning] [Decorations] CAPPING events from decorations provider vscode.git 1607
2023-10-25 13:09:49.923 [warning] [Decorations] CAPPING events from decorations provider vscode.git 1607
2023-10-25 13:10:03.522 [warning] [Decorations] CAPPING events from decorations provider vscode.git 1607
2023-10-25 13:10:08.595 [warning] [Decorations] CAPPING events from decorations provider vscode.git 1607
2023-10-25 13:10:13.670 [warning] [Decorations] CAPPING events from decorations provider vscode.git 1607
2023-10-25 13:10:18.754 [warning] [Decorations] CAPPING events from decorations provider vscode.git 1608
2023-10-25 13:10:23.833 [warning] [Decorations] CAPPING events from decorations provider vscode.git 1608
2023-10-25 13:10:54.599 [warning] [Decorations] CAPPING events from decorations provider vscode.git 1609
2023-10-25 13:10:59.680 [warning] [Decorations] CAPPING events from decorations provider vscode.git 1609
2023-10-25 13:11:04.808 [warning] [Decorations] CAPPING events from decorations provider vscode.git 1609
2023-10-25 13:11:12.482 [warning] [Decorations] CAPPING events from decorations provider vscode.git 1610
2023-10-25 13:11:17.611 [warning] [Decorations] CAPPING events from decorations provider vscode.git 1610
2023-10-25 13:11:22.745 [warning] [Decorations] CAPPING events from decorations provider vscode.git 1610
2023-10-25 13:11:31.093 [warning] [Decorations] CAPPING events from decorations provider vscode.git 1610
2023-10-25 13:11:36.195 [warning] [Decorations] CAPPING events from decorations provider vscode.git 1610
2023-10-25 13:11:41.272 [warning] [Decorations] CAPPING events from decorations provider vscode.git 1610
2023-10-25 13:11:46.351 [warning] [Decorations] CAPPING events from decorations provider vscode.git 1612
2023-10-25 13:11:51.437 [warning] [Decorations] CAPPING events from decorations provider vscode.git 1612
2023-10-25 13:11:56.519 [warning] [Decorations] CAPPING events from decorations provider vscode.git 1612
2023-10-25 13:12:01.600 [warning] [Decorations] CAPPING events from decorations provider vscode.git 1612
2023-10-25 13:12:09.694 [warning] [Decorations] CAPPING events from decorations provider vscode.git 1613
2023-10-25 13:12:14.775 [warning] [Decorations] CAPPING events from decorations provider vscode.git 1613
2023-10-25 13:12:19.858 [warning] [Decorations] CAPPING events from decorations provider vscode.git 1614
2023-10-25 13:12:56.229 [warning] [Decorations] CAPPING events from decorations provider vscode.git 1614
2023-10-25 13:13:01.308 [warning] [Decorations] CAPPING events from decorations provider vscode.git 1615
2023-10-25 13:13:06.388 [warning] [Decorations] CAPPING events from decorations provider vscode.git 1615
2023-10-25 13:13:11.471 [warning] [Decorations] CAPPING events from decorations provider vscode.git 1616
2023-10-25 13:13:22.455 [warning] [Decorations] CAPPING events from decorations provider vscode.git 1616
2023-10-25 13:13:27.536 [warning] [Decorations] CAPPING events from decorations provider vscode.git 1616
2023-10-25 13:13:32.618 [warning] [Decorations] CAPPING events from decorations provider vscode.git 1617
2023-10-25 13:13:37.711 [warning] [Decorations] CAPPING events from decorations provider vscode.git 1617
2023-10-25 13:13:42.785 [warning] [Decorations] CAPPING events from decorations provider vscode.git 1617
2023-10-25 13:13:50.665 [warning] [Decorations] CAPPING events from decorations provider vscode.git 1618
2023-10-25 13:13:55.746 [warning] [Decorations] CAPPING events from decorations provider vscode.git 1619
2023-10-25 13:14:00.876 [warning] [Decorations] CAPPING events from decorations provider vscode.git 1619
2023-10-25 13:14:08.350 [warning] [Decorations] CAPPING events from decorations provider vscode.git 1619
2023-10-25 13:14:13.425 [warning] [Decorations] CAPPING events from decorations provider vscode.git 1619
2023-10-25 13:14:22.087 [warning] [Decorations] CAPPING events from decorations provider vscode.git 1620
2023-10-25 13:14:27.818 [warning] [Decorations] CAPPING events from decorations provider vscode.git 1620
2023-10-25 13:14:48.785 [warning] [Decorations] CAPPING events from decorations provider vscode.git 1620
2023-10-25 13:14:53.858 [warning] [Decorations] CAPPING events from decorations provider vscode.git 1620
2023-10-25 13:15:28.932 [warning] [Decorations] CAPPING events from decorations provider vscode.git 1621
2023-10-25 13:15:34.015 [warning] [Decorations] CAPPING events from decorations provider vscode.git 1621
2023-10-25 13:15:39.093 [warning] [Decorations] CAPPING events from decorations provider vscode.git 1621
2023-10-25 13:15:44.176 [warning] [Decorations] CAPPING events from decorations provider vscode.git 1621
2023-10-25 13:15:49.250 [warning] [Decorations] CAPPING events from decorations provider vscode.git 1623
2023-10-25 13:15:54.331 [warning] [Decorations] CAPPING events from decorations provider vscode.git 1623
2023-10-25 13:16:08.958 [warning] [Decorations] CAPPING events from decorations provider vscode.git 1624
2023-10-25 13:16:14.013 [warning] [Decorations] CAPPING events from decorations provider vscode.git 1624
2023-10-25 13:16:19.152 [warning] [Decorations] CAPPING events from decorations provider vscode.git 1624
2023-10-25 13:16:33.234 [warning] [Decorations] CAPPING events from decorations provider vscode.git 1624
2023-10-25 13:16:38.308 [warning] [Decorations] CAPPING events from decorations provider vscode.git 1624
2023-10-25 13:16:43.380 [warning] [Decorations] CAPPING events from decorations provider vscode.git 1624
2023-10-25 13:16:48.462 [warning] [Decorations] CAPPING events from decorations provider vscode.git 1624
2023-10-25 13:16:53.527 [warning] [Decorations] CAPPING events from decorations provider vscode.git 1624
2023-10-25 13:16:58.607 [warning] [Decorations] CAPPING events from decorations provider vscode.git 1624
2023-10-25 13:17:06.564 [warning] [Decorations] CAPPING events from decorations provider vscode.git 1624
2023-10-25 13:17:11.645 [warning] [Decorations] CAPPING events from decorations provider vscode.git 1624
2023-10-25 13:17:16.720 [warning] [Decorations] CAPPING events from decorations provider vscode.git 1624
2023-10-25 13:17:21.799 [warning] [Decorations] CAPPING events from decorations provider vscode.git 1625
2023-10-25 13:17:42.999 [warning] [Decorations] CAPPING events from decorations provider vscode.git 1625
2023-10-25 13:17:48.156 [warning] [Decorations] CAPPING events from decorations provider vscode.git 1625
2023-10-25 13:17:53.231 [warning] [Decorations] CAPPING events from decorations provider vscode.git 1626
2023-10-25 13:17:59.495 [warning] [Decorations] CAPPING events from decorations provider vscode.git 1626
2023-10-25 13:18:04.574 [warning] [Decorations] CAPPING events from decorations provider vscode.git 1626
2023-10-25 13:18:23.137 [warning] [Decorations] CAPPING events from decorations provider vscode.git 1627
2023-10-25 13:18:28.229 [warning] [Decorations] CAPPING events from decorations provider vscode.git 1627
2023-10-25 13:18:34.925 [warning] [Decorations] CAPPING events from decorations provider vscode.git 1627
2023-10-25 13:18:39.976 [warning] [Decorations] CAPPING events from decorations provider vscode.git 1627
2023-10-25 13:18:45.115 [warning] [Decorations] CAPPING events from decorations provider vscode.git 1627
2023-10-25 13:18:57.082 [warning] [Decorations] CAPPING events from decorations provider vscode.git 1627
2023-10-25 13:19:02.160 [warning] [Decorations] CAPPING events from decorations provider vscode.git 1628
2023-10-25 13:19:07.238 [warning] [Decorations] CAPPING events from decorations provider vscode.git 1628
2023-10-25 13:19:12.305 [warning] [Decorations] CAPPING events from decorations provider vscode.git 1628
2023-10-25 13:19:17.383 [warning] [Decorations] CAPPING events from decorations provider vscode.git 1628
2023-10-25 13:19:22.460 [warning] [Decorations] CAPPING events from decorations provider vscode.git 1628
2023-10-25 13:19:27.537 [warning] [Decorations] CAPPING events from decorations provider vscode.git 1628
2023-10-25 13:19:32.618 [warning] [Decorations] CAPPING events from decorations provider vscode.git 1628
2023-10-25 13:19:37.694 [warning] [Decorations] CAPPING events from decorations provider vscode.git 1628
2023-10-25 13:19:42.772 [warning] [Decorations] CAPPING events from decorations provider vscode.git 1628
2023-10-25 13:19:47.819 [warning] [Decorations] CAPPING events from decorations provider vscode.git 1628
2023-10-25 13:19:52.875 [warning] [Decorations] CAPPING events from decorations provider vscode.git 1628
2023-10-25 13:19:57.953 [warning] [Decorations] CAPPING events from decorations provider vscode.git 1628
2023-10-25 13:20:03.090 [warning] [Decorations] CAPPING events from decorations provider vscode.git 1628
2023-10-25 13:20:08.165 [warning] [Decorations] CAPPING events from decorations provider vscode.git 1628
2023-10-25 13:20:13.241 [warning] [Decorations] CAPPING events from decorations provider vscode.git 1628
2023-10-25 13:20:18.321 [warning] [Decorations] CAPPING events from decorations provider vscode.git 1629
2023-10-25 13:20:23.398 [warning] [Decorations] CAPPING events from decorations provider vscode.git 1629
2023-10-25 13:20:28.465 [warning] [Decorations] CAPPING events from decorations provider vscode.git 1629
2023-10-25 13:20:33.544 [warning] [Decorations] CAPPING events from decorations provider vscode.git 1629
2023-10-25 13:20:38.622 [warning] [Decorations] CAPPING events from decorations provider vscode.git 1629
2023-10-25 13:20:43.703 [warning] [Decorations] CAPPING events from decorations provider vscode.git 1629
2023-10-25 13:21:24.076 [warning] [Decorations] CAPPING events from decorations provider vscode.git 1629
2023-10-25 13:21:29.154 [warning] [Decorations] CAPPING events from decorations provider vscode.git 1629
2023-10-25 13:21:34.235 [warning] [Decorations] CAPPING events from decorations provider vscode.git 1629
2023-10-25 13:21:39.312 [warning] [Decorations] CAPPING events from decorations provider vscode.git 1630
2023-10-25 13:21:46.941 [warning] [Decorations] CAPPING events from decorations provider vscode.git 1630
2023-10-25 13:21:52.005 [warning] [Decorations] CAPPING events from decorations provider vscode.git 1630
2023-10-25 13:21:57.076 [warning] [Decorations] CAPPING events from decorations provider vscode.git 1631
2023-10-25 13:22:41.772 [warning] [Decorations] CAPPING events from decorations provider vscode.git 1631
2023-10-25 13:22:46.858 [warning] [Decorations] CAPPING events from decorations provider vscode.git 1631
2023-10-25 13:22:51.930 [warning] [Decorations] CAPPING events from decorations provider vscode.git 1632
2023-10-25 13:22:56.998 [warning] [Decorations] CAPPING events from decorations provider vscode.git 1632
2023-10-25 13:23:05.458 [warning] [Decorations] CAPPING events from decorations provider vscode.git 1632
2023-10-25 13:23:10.534 [warning] [Decorations] CAPPING events from decorations provider vscode.git 1632
2023-10-25 13:23:15.626 [warning] [Decorations] CAPPING events from decorations provider vscode.git 1632
2023-10-25 13:23:20.711 [warning] [Decorations] CAPPING events from decorations provider vscode.git 1632
2023-10-25 13:23:25.786 [warning] [Decorations] CAPPING events from decorations provider vscode.git 1633
2023-10-25 13:23:43.951 [warning] [Decorations] CAPPING events from decorations provider vscode.git 1633
2023-10-25 13:23:49.089 [warning] [Decorations] CAPPING events from decorations provider vscode.git 1633
2023-10-25 13:23:54.166 [warning] [Decorations] CAPPING events from decorations provider vscode.git 1633
2023-10-25 13:24:00.674 [warning] [Decorations] CAPPING events from decorations provider vscode.git 1634
2023-10-25 13:24:05.740 [warning] [Decorations] CAPPING events from decorations provider vscode.git 1635
2023-10-25 13:24:22.303 [warning] [Decorations] CAPPING events from decorations provider vscode.git 1635
2023-10-25 13:24:27.382 [warning] [Decorations] CAPPING events from decorations provider vscode.git 1635
2023-10-25 13:24:32.539 [warning] [Decorations] CAPPING events from decorations provider vscode.git 1635
2023-10-25 13:24:37.618 [warning] [Decorations] CAPPING events from decorations provider vscode.git 1635
2023-10-25 13:24:42.690 [warning] [Decorations] CAPPING events from decorations provider vscode.git 1635
2023-10-25 13:24:47.771 [warning] [Decorations] CAPPING events from decorations provider vscode.git 1635
2023-10-25 13:24:52.858 [warning] [Decorations] CAPPING events from decorations provider vscode.git 1636
2023-10-25 13:25:40.484 [warning] [Decorations] CAPPING events from decorations provider vscode.git 1636
2023-10-25 13:25:45.564 [warning] [Decorations] CAPPING events from decorations provider vscode.git 1637
2023-10-25 13:25:50.656 [warning] [Decorations] CAPPING events from decorations provider vscode.git 1637
2023-10-25 13:25:55.733 [warning] [Decorations] CAPPING events from decorations provider vscode.git 1637
2023-10-25 13:26:00.865 [warning] [Decorations] CAPPING events from decorations provider vscode.git 1637
2023-10-25 13:26:05.944 [warning] [Decorations] CAPPING events from decorations provider vscode.git 1637
2023-10-25 13:26:11.083 [warning] [Decorations] CAPPING events from decorations provider vscode.git 1638
2023-10-25 13:26:16.221 [warning] [Decorations] CAPPING events from decorations provider vscode.git 1638
2023-10-25 13:26:22.602 [warning] [Decorations] CAPPING events from decorations provider vscode.git 1638
2023-10-25 13:26:27.667 [warning] [Decorations] CAPPING events from decorations provider vscode.git 1638
2023-10-25 13:26:32.800 [warning] [Decorations] CAPPING events from decorations provider vscode.git 1638
2023-10-25 13:26:37.925 [warning] [Decorations] CAPPING events from decorations provider vscode.git 1638
2023-10-25 13:26:42.976 [warning] [Decorations] CAPPING events from decorations provider vscode.git 1638
2023-10-25 13:26:48.078 [warning] [Decorations] CAPPING events from decorations provider vscode.git 1639
2023-10-25 13:26:53.145 [warning] [Decorations] CAPPING events from decorations provider vscode.git 1639
2023-10-25 13:26:58.221 [warning] [Decorations] CAPPING events from decorations provider vscode.git 1639
2023-10-25 13:27:03.341 [warning] [Decorations] CAPPING events from decorations provider vscode.git 1639
2023-10-25 13:27:08.419 [warning] [Decorations] CAPPING events from decorations provider vscode.git 1640
2023-10-25 13:27:13.497 [warning] [Decorations] CAPPING events from decorations provider vscode.git 1640
2023-10-25 13:27:18.580 [warning] [Decorations] CAPPING events from decorations provider vscode.git 1640
2023-10-25 13:27:23.655 [warning] [Decorations] CAPPING events from decorations provider vscode.git 1640
2023-10-25 13:27:28.721 [warning] [Decorations] CAPPING events from decorations provider vscode.git 1640
2023-10-25 13:27:33.801 [warning] [Decorations] CAPPING events from decorations provider vscode.git 1640
2023-10-25 13:27:38.867 [warning] [Decorations] CAPPING events from decorations provider vscode.git 1640
2023-10-25 13:27:44.000 [warning] [Decorations] CAPPING events from decorations provider vscode.git 1640
2023-10-25 13:27:49.077 [warning] [Decorations] CAPPING events from decorations provider vscode.git 1640
2023-10-25 13:28:28.665 [warning] [Decorations] CAPPING events from decorations provider vscode.git 1641
2023-10-25 13:28:33.748 [warning] [Decorations] CAPPING events from decorations provider vscode.git 1641
2023-10-25 13:28:38.806 [warning] [Decorations] CAPPING events from decorations provider vscode.git 1641
2023-10-25 13:28:41.685 [info] ExtensionService#_doActivateExtension vscode.npm, startup: false, activationEvent: 'onTerminalQuickFixRequest:ms-vscode.npm-command'
2023-10-25 13:28:43.894 [warning] [Decorations] CAPPING events from decorations provider vscode.git 1641
2023-10-25 13:28:48.973 [warning] [Decorations] CAPPING events from decorations provider vscode.git 1641
2023-10-25 13:28:54.051 [warning] [Decorations] CAPPING events from decorations provider vscode.git 1641
2023-10-25 13:28:59.111 [warning] [Decorations] CAPPING events from decorations provider vscode.git 1641
2023-10-25 13:29:04.191 [warning] [Decorations] CAPPING events from decorations provider vscode.git 1641
2023-10-25 13:29:09.262 [warning] [Decorations] CAPPING events from decorations provider vscode.git 1641
2023-10-25 13:29:14.342 [warning] [Decorations] CAPPING events from decorations provider vscode.git 1641
2023-10-25 13:29:19.425 [warning] [Decorations] CAPPING events from decorations provider vscode.git 1641
2023-10-25 13:29:24.507 [warning] [Decorations] CAPPING events from decorations provider vscode.git 1641
2023-10-25 13:29:29.636 [warning] [Decorations] CAPPING events from decorations provider vscode.git 1641
2023-10-25 13:29:34.713 [warning] [Decorations] CAPPING events from decorations provider vscode.git 1641
2023-10-25 13:29:39.799 [warning] [Decorations] CAPPING events from decorations provider vscode.git 1641
2023-10-25 13:29:44.863 [warning] [Decorations] CAPPING events from decorations provider vscode.git 1641
2023-10-25 13:29:49.933 [warning] [Decorations] CAPPING events from decorations provider vscode.git 1641
2023-10-25 13:29:55.011 [warning] [Decorations] CAPPING events from decorations provider vscode.git 1641
2023-10-25 13:30:00.087 [warning] [Decorations] CAPPING events from decorations provider vscode.git 1641
2023-10-25 13:30:08.086 [warning] [Decorations] CAPPING events from decorations provider vscode.git 1641
2023-10-25 13:30:13.868 [error] Error: Hostname/IP does not match certificate's altnames: Host: mobile.events.data.microsoft.com. is not in the cert's altnames: DNS:*.araquari.ifc.edu.br, DNS:araquari.ifc.edu.br
	at new NodeError (node:internal/errors:387:5)
	at Object.checkServerIdentity (node:tls:354:12)
	at TLSSocket.onConnectSecure (node:_tls_wrap:1545:27)
	at TLSSocket.emit (node:events:513:28)
	at TLSSocket._finishInit (node:_tls_wrap:949:8)
	at TLSWrap.ssl.onhandshakedone (node:_tls_wrap:730:12)
2023-10-25 13:30:16.254 [error] Error: Hostname/IP does not match certificate's altnames: Host: mobile.events.data.microsoft.com. is not in the cert's altnames: DNS:*.araquari.ifc.edu.br, DNS:araquari.ifc.edu.br
	at new NodeError (node:internal/errors:387:5)
	at Object.checkServerIdentity (node:tls:354:12)
	at TLSSocket.onConnectSecure (node:_tls_wrap:1545:27)
	at TLSSocket.emit (node:events:513:28)
	at TLSSocket._finishInit (node:_tls_wrap:949:8)
	at TLSWrap.ssl.onhandshakedone (node:_tls_wrap:730:12)
2023-10-25 13:30:17.319 [warning] [Decorations] CAPPING events from decorations provider vscode.git 1641
2023-10-25 13:30:18.151 [warning] [Decorations] CAPPING events from decorations provider vscode.git 1641
