2023-09-13 16:17:53.423 [info] Extension host with pid 837 started
2023-09-13 16:17:53.565 [info] Lock '/var/www/html/.vscode-server/data/User/workspaceStorage/322762d16c88a99fa538e2deb0fd92ed/vscode.lock': Lock acquired.
2023-09-13 16:17:53.602 [info] ExtensionService#_doActivateExtension vscode.git-base, startup: true, activationEvent: '*'
2023-09-13 16:17:53.758 [info] ExtensionService#_doActivateExtension vscode.github, startup: true, activationEvent: '*'
2023-09-13 16:17:54.030 [info] Eager extensions activated
2023-09-13 16:17:54.030 [info] ExtensionService#_doActivateExtension vscode.debug-auto-launch, startup: false, activationEvent: 'onStartupFinished'
2023-09-13 16:17:54.031 [info] ExtensionService#_doActivateExtension vscode.merge-conflict, startup: false, activationEvent: 'onStartupFinished'
2023-09-13 16:17:54.341 [info] ExtensionService#_doActivateExtension vscode.git, startup: false, activationEvent: 'api', root cause: vscode.github
2023-09-13 16:18:46.489 [info] ExtensionService#_doActivateExtension vscode.emmet, startup: false, activationEvent: 'onLanguage'
2023-09-13 16:19:00.629 [info] ExtensionService#_doActivateExtension vscode.npm, startup: false, activationEvent: 'onTerminalQuickFixRequest:ms-vscode.npm-command'
2023-09-13 16:19:15.066 [warning] [Decorations] CAPPING events from decorations provider vscode.git 1427
2023-09-13 16:19:15.566 [warning] [Decorations] CAPPING events from decorations provider vscode.git 1427
2023-09-13 16:19:19.729 [warning] [Decorations] CAPPING events from decorations provider vscode.git 1427
2023-09-13 16:19:48.831 [warning] [Decorations] CAPPING events from decorations provider vscode.git 1427
2023-09-13 16:39:55.700 [warning] [Decorations] CAPPING events from decorations provider vscode.git 1427
2023-09-13 16:43:48.607 [warning] [Decorations] CAPPING events from decorations provider vscode.git 1427
2023-09-13 16:43:53.719 [warning] [Decorations] CAPPING events from decorations provider vscode.git 1427
2023-09-13 16:44:18.524 [info] Extension host terminating: received terminate message from renderer
2023-09-13 16:44:18.525 [info] Lock '/var/www/html/.vscode-server/data/User/workspaceStorage/322762d16c88a99fa538e2deb0fd92ed/vscode.lock': Marking the lockfile as scheduled to be released in 6000 ms.
2023-09-13 16:44:18.548 [error] Canceled: Canceled
	at new h (/var/www/html/.vscode-server/bin/660393deaaa6d1996740ff4880f1bad43768c814/out/vs/workbench/api/node/extensionHostProcess.js:100:42413)
	at t.O (/var/www/html/.vscode-server/bin/660393deaaa6d1996740ff4880f1bad43768c814/out/vs/workbench/api/node/extensionHostProcess.js:112:11236)
	at Proxy.U.<computed>.q.charCodeAt.U.<computed> (/var/www/html/.vscode-server/bin/660393deaaa6d1996740ff4880f1bad43768c814/out/vs/workbench/api/node/extensionHostProcess.js:112:8675)
	at e.$vL.g (/var/www/html/.vscode-server/bin/660393deaaa6d1996740ff4880f1bad43768c814/out/vs/workbench/api/node/extensionHostProcess.js:100:63549)
	at e.$vL.executeCommand (/var/www/html/.vscode-server/bin/660393deaaa6d1996740ff4880f1bad43768c814/out/vs/workbench/api/node/extensionHostProcess.js:100:62973)
	at P.registerCommand.description (/var/www/html/.vscode-server/bin/660393deaaa6d1996740ff4880f1bad43768c814/out/vs/workbench/api/node/extensionHostProcess.js:100:62280)
	at e.$vL.h (/var/www/html/.vscode-server/bin/660393deaaa6d1996740ff4880f1bad43768c814/out/vs/workbench/api/node/extensionHostProcess.js:100:64085)
	at e.$vL.g (/var/www/html/.vscode-server/bin/660393deaaa6d1996740ff4880f1bad43768c814/out/vs/workbench/api/node/extensionHostProcess.js:100:63073)
	at e.$vL.executeCommand (/var/www/html/.vscode-server/bin/660393deaaa6d1996740ff4880f1bad43768c814/out/vs/workbench/api/node/extensionHostProcess.js:100:62973)
	at Object.executeCommand (/var/www/html/.vscode-server/bin/660393deaaa6d1996740ff4880f1bad43768c814/out/vs/workbench/api/node/extensionHostProcess.js:118:20971)
	at i.D [as value] (/var/www/html/.vscode-server/bin/660393deaaa6d1996740ff4880f1bad43768c814/extensions/git/dist/main.js:2:1260424)
	at p.w (/var/www/html/.vscode-server/bin/660393deaaa6d1996740ff4880f1bad43768c814/out/vs/workbench/api/node/extensionHostProcess.js:60:1902)
	at p.x (/var/www/html/.vscode-server/bin/660393deaaa6d1996740ff4880f1bad43768c814/out/vs/workbench/api/node/extensionHostProcess.js:60:1972)
	at p.fire (/var/www/html/.vscode-server/bin/660393deaaa6d1996740ff4880f1bad43768c814/out/vs/workbench/api/node/extensionHostProcess.js:60:2188)
	at Object.f [as dispose] (/var/www/html/.vscode-server/bin/660393deaaa6d1996740ff4880f1bad43768c814/extensions/git/dist/main.js:2:1275972)
	at /var/www/html/.vscode-server/bin/660393deaaa6d1996740ff4880f1bad43768c814/extensions/git/dist/main.js:2:1280539
	at Array.forEach (<anonymous>)
	at g.dispose (/var/www/html/.vscode-server/bin/660393deaaa6d1996740ff4880f1bad43768c814/extensions/git/dist/main.js:2:1280525)
	at o.<anonymous> (/var/www/html/.vscode-server/bin/660393deaaa6d1996740ff4880f1bad43768c814/out/vs/workbench/api/node/extensionHostProcess.js:96:4162)
	at o.dispose (/var/www/html/.vscode-server/bin/660393deaaa6d1996740ff4880f1bad43768c814/out/vs/workbench/api/node/extensionHostProcess.js:96:4297)
	at o.<anonymous> (/var/www/html/.vscode-server/bin/660393deaaa6d1996740ff4880f1bad43768c814/extensions/git/dist/main.js:2:1262437)
	at o.dispose (/var/www/html/.vscode-server/bin/660393deaaa6d1996740ff4880f1bad43768c814/out/vs/workbench/api/node/extensionHostProcess.js:96:4297)
	at D (/var/www/html/.vscode-server/bin/660393deaaa6d1996740ff4880f1bad43768c814/out/vs/workbench/api/node/extensionHostProcess.js:10:11731)
	at i.Z (/var/www/html/.vscode-server/bin/660393deaaa6d1996740ff4880f1bad43768c814/out/vs/workbench/api/node/extensionHostProcess.js:114:10370)
	at /var/www/html/.vscode-server/bin/660393deaaa6d1996740ff4880f1bad43768c814/out/vs/workbench/api/node/extensionHostProcess.js:114:8332
	at Array.map (<anonymous>)
	at i.S (/var/www/html/.vscode-server/bin/660393deaaa6d1996740ff4880f1bad43768c814/out/vs/workbench/api/node/extensionHostProcess.js:114:8319)
	at i.terminate (/var/www/html/.vscode-server/bin/660393deaaa6d1996740ff4880f1bad43768c814/out/vs/workbench/api/node/extensionHostProcess.js:114:8591)
	at l.terminate (/var/www/html/.vscode-server/bin/660393deaaa6d1996740ff4880f1bad43768c814/out/vs/workbench/api/node/extensionHostProcess.js:118:1532)
	at E (/var/www/html/.vscode-server/bin/660393deaaa6d1996740ff4880f1bad43768c814/out/vs/workbench/api/node/extensionHostProcess.js:128:32236)
	at i.value (/var/www/html/.vscode-server/bin/660393deaaa6d1996740ff4880f1bad43768c814/out/vs/workbench/api/node/extensionHostProcess.js:128:30287)
	at p.w (/var/www/html/.vscode-server/bin/660393deaaa6d1996740ff4880f1bad43768c814/out/vs/workbench/api/node/extensionHostProcess.js:60:1902)
	at p.fire (/var/www/html/.vscode-server/bin/660393deaaa6d1996740ff4880f1bad43768c814/out/vs/workbench/api/node/extensionHostProcess.js:60:2119)
	at fire (/var/www/html/.vscode-server/bin/660393deaaa6d1996740ff4880f1bad43768c814/out/vs/workbench/api/node/extensionHostProcess.js:76:13931)
	at s.z (/var/www/html/.vscode-server/bin/660393deaaa6d1996740ff4880f1bad43768c814/out/vs/workbench/api/node/extensionHostProcess.js:76:16976)
	at i.value (/var/www/html/.vscode-server/bin/660393deaaa6d1996740ff4880f1bad43768c814/out/vs/workbench/api/node/extensionHostProcess.js:76:15428)
	at p.w (/var/www/html/.vscode-server/bin/660393deaaa6d1996740ff4880f1bad43768c814/out/vs/workbench/api/node/extensionHostProcess.js:60:1902)
	at p.fire (/var/www/html/.vscode-server/bin/660393deaaa6d1996740ff4880f1bad43768c814/out/vs/workbench/api/node/extensionHostProcess.js:60:2119)
	at i.acceptChunk (/var/www/html/.vscode-server/bin/660393deaaa6d1996740ff4880f1bad43768c814/out/vs/workbench/api/node/extensionHostProcess.js:76:11705)
	at i.value (/var/www/html/.vscode-server/bin/660393deaaa6d1996740ff4880f1bad43768c814/out/vs/workbench/api/node/extensionHostProcess.js:76:10992)
	at p.w (/var/www/html/.vscode-server/bin/660393deaaa6d1996740ff4880f1bad43768c814/out/vs/workbench/api/node/extensionHostProcess.js:60:1902)
	at p.fire (/var/www/html/.vscode-server/bin/660393deaaa6d1996740ff4880f1bad43768c814/out/vs/workbench/api/node/extensionHostProcess.js:60:2119)
	at p.u (/var/www/html/.vscode-server/bin/660393deaaa6d1996740ff4880f1bad43768c814/out/vs/workbench/api/node/extensionHostProcess.js:128:19065) setContext undefined
2023-09-13 16:44:18.550 [error] Canceled: Canceled
	at new h (/var/www/html/.vscode-server/bin/660393deaaa6d1996740ff4880f1bad43768c814/out/vs/workbench/api/node/extensionHostProcess.js:100:42413)
	at t.O (/var/www/html/.vscode-server/bin/660393deaaa6d1996740ff4880f1bad43768c814/out/vs/workbench/api/node/extensionHostProcess.js:112:11236)
	at Proxy.U.<computed>.q.charCodeAt.U.<computed> (/var/www/html/.vscode-server/bin/660393deaaa6d1996740ff4880f1bad43768c814/out/vs/workbench/api/node/extensionHostProcess.js:112:8675)
	at e.$vL.g (/var/www/html/.vscode-server/bin/660393deaaa6d1996740ff4880f1bad43768c814/out/vs/workbench/api/node/extensionHostProcess.js:100:63549)
	at e.$vL.executeCommand (/var/www/html/.vscode-server/bin/660393deaaa6d1996740ff4880f1bad43768c814/out/vs/workbench/api/node/extensionHostProcess.js:100:62973)
	at P.registerCommand.description (/var/www/html/.vscode-server/bin/660393deaaa6d1996740ff4880f1bad43768c814/out/vs/workbench/api/node/extensionHostProcess.js:100:62280)
	at e.$vL.h (/var/www/html/.vscode-server/bin/660393deaaa6d1996740ff4880f1bad43768c814/out/vs/workbench/api/node/extensionHostProcess.js:100:64085)
	at e.$vL.g (/var/www/html/.vscode-server/bin/660393deaaa6d1996740ff4880f1bad43768c814/out/vs/workbench/api/node/extensionHostProcess.js:100:63073)
	at e.$vL.executeCommand (/var/www/html/.vscode-server/bin/660393deaaa6d1996740ff4880f1bad43768c814/out/vs/workbench/api/node/extensionHostProcess.js:100:62973)
	at Object.executeCommand (/var/www/html/.vscode-server/bin/660393deaaa6d1996740ff4880f1bad43768c814/out/vs/workbench/api/node/extensionHostProcess.js:118:20971)
	at t.$Ze.set b [as b] (/var/www/html/.vscode-server/bin/660393deaaa6d1996740ff4880f1bad43768c814/extensions/github/dist/extension.js:2:675669)
	at /var/www/html/.vscode-server/bin/660393deaaa6d1996740ff4880f1bad43768c814/extensions/github/dist/extension.js:2:676313
	at i.value (/var/www/html/.vscode-server/bin/660393deaaa6d1996740ff4880f1bad43768c814/extensions/git/dist/main.js:2:1347255)
	at p.w (/var/www/html/.vscode-server/bin/660393deaaa6d1996740ff4880f1bad43768c814/out/vs/workbench/api/node/extensionHostProcess.js:60:1902)
	at p.x (/var/www/html/.vscode-server/bin/660393deaaa6d1996740ff4880f1bad43768c814/out/vs/workbench/api/node/extensionHostProcess.js:60:1972)
	at p.fire (/var/www/html/.vscode-server/bin/660393deaaa6d1996740ff4880f1bad43768c814/out/vs/workbench/api/node/extensionHostProcess.js:60:2188)
	at Object.f [as dispose] (/var/www/html/.vscode-server/bin/660393deaaa6d1996740ff4880f1bad43768c814/extensions/git/dist/main.js:2:1275972)
	at /var/www/html/.vscode-server/bin/660393deaaa6d1996740ff4880f1bad43768c814/extensions/git/dist/main.js:2:1280539
	at Array.forEach (<anonymous>)
	at g.dispose (/var/www/html/.vscode-server/bin/660393deaaa6d1996740ff4880f1bad43768c814/extensions/git/dist/main.js:2:1280525)
	at o.<anonymous> (/var/www/html/.vscode-server/bin/660393deaaa6d1996740ff4880f1bad43768c814/out/vs/workbench/api/node/extensionHostProcess.js:96:4162)
	at o.dispose (/var/www/html/.vscode-server/bin/660393deaaa6d1996740ff4880f1bad43768c814/out/vs/workbench/api/node/extensionHostProcess.js:96:4297)
	at o.<anonymous> (/var/www/html/.vscode-server/bin/660393deaaa6d1996740ff4880f1bad43768c814/extensions/git/dist/main.js:2:1262437)
	at o.dispose (/var/www/html/.vscode-server/bin/660393deaaa6d1996740ff4880f1bad43768c814/out/vs/workbench/api/node/extensionHostProcess.js:96:4297)
	at D (/var/www/html/.vscode-server/bin/660393deaaa6d1996740ff4880f1bad43768c814/out/vs/workbench/api/node/extensionHostProcess.js:10:11731)
	at i.Z (/var/www/html/.vscode-server/bin/660393deaaa6d1996740ff4880f1bad43768c814/out/vs/workbench/api/node/extensionHostProcess.js:114:10370)
	at /var/www/html/.vscode-server/bin/660393deaaa6d1996740ff4880f1bad43768c814/out/vs/workbench/api/node/extensionHostProcess.js:114:8332
	at Array.map (<anonymous>)
	at i.S (/var/www/html/.vscode-server/bin/660393deaaa6d1996740ff4880f1bad43768c814/out/vs/workbench/api/node/extensionHostProcess.js:114:8319)
	at i.terminate (/var/www/html/.vscode-server/bin/660393deaaa6d1996740ff4880f1bad43768c814/out/vs/workbench/api/node/extensionHostProcess.js:114:8591)
	at l.terminate (/var/www/html/.vscode-server/bin/660393deaaa6d1996740ff4880f1bad43768c814/out/vs/workbench/api/node/extensionHostProcess.js:118:1532)
	at E (/var/www/html/.vscode-server/bin/660393deaaa6d1996740ff4880f1bad43768c814/out/vs/workbench/api/node/extensionHostProcess.js:128:32236)
	at i.value (/var/www/html/.vscode-server/bin/660393deaaa6d1996740ff4880f1bad43768c814/out/vs/workbench/api/node/extensionHostProcess.js:128:30287)
	at p.w (/var/www/html/.vscode-server/bin/660393deaaa6d1996740ff4880f1bad43768c814/out/vs/workbench/api/node/extensionHostProcess.js:60:1902)
	at p.fire (/var/www/html/.vscode-server/bin/660393deaaa6d1996740ff4880f1bad43768c814/out/vs/workbench/api/node/extensionHostProcess.js:60:2119)
	at fire (/var/www/html/.vscode-server/bin/660393deaaa6d1996740ff4880f1bad43768c814/out/vs/workbench/api/node/extensionHostProcess.js:76:13931)
	at s.z (/var/www/html/.vscode-server/bin/660393deaaa6d1996740ff4880f1bad43768c814/out/vs/workbench/api/node/extensionHostProcess.js:76:16976)
	at i.value (/var/www/html/.vscode-server/bin/660393deaaa6d1996740ff4880f1bad43768c814/out/vs/workbench/api/node/extensionHostProcess.js:76:15428)
	at p.w (/var/www/html/.vscode-server/bin/660393deaaa6d1996740ff4880f1bad43768c814/out/vs/workbench/api/node/extensionHostProcess.js:60:1902)
	at p.fire (/var/www/html/.vscode-server/bin/660393deaaa6d1996740ff4880f1bad43768c814/out/vs/workbench/api/node/extensionHostProcess.js:60:2119)
	at i.acceptChunk (/var/www/html/.vscode-server/bin/660393deaaa6d1996740ff4880f1bad43768c814/out/vs/workbench/api/node/extensionHostProcess.js:76:11705)
	at i.value (/var/www/html/.vscode-server/bin/660393deaaa6d1996740ff4880f1bad43768c814/out/vs/workbench/api/node/extensionHostProcess.js:76:10992)
	at p.w (/var/www/html/.vscode-server/bin/660393deaaa6d1996740ff4880f1bad43768c814/out/vs/workbench/api/node/extensionHostProcess.js:60:1902)
	at p.fire (/var/www/html/.vscode-server/bin/660393deaaa6d1996740ff4880f1bad43768c814/out/vs/workbench/api/node/extensionHostProcess.js:60:2119)
	at p.u (/var/www/html/.vscode-server/bin/660393deaaa6d1996740ff4880f1bad43768c814/out/vs/workbench/api/node/extensionHostProcess.js:128:19065) setContext undefined
2023-09-13 16:44:18.550 [info] Extension host with pid 837 exiting with code 0
