2023-09-13 16:44:21.654 [info] Nível de log: Info
2023-09-13 16:44:21.654 [info] Validando o git encontrado em: git
2023-09-13 16:44:21.654 [info] Usando git ''2.20.1'' de ''git''
2023-09-13 16:44:21.654 [info] > git rev-parse --show-toplevel [29ms]
2023-09-13 16:44:21.654 [info] > git rev-parse --git-dir --git-common-dir [7ms]
2023-09-13 16:44:21.654 [info] Open repository: /var/www/html/INB0243
2023-09-13 16:44:21.654 [info] > git config --get commit.template [32ms]
2023-09-13 16:44:21.654 [info] > git for-each-ref --format=%(refname)%00%(upstream:short)%00%(objectname)%00%(upstream:track)%00%(upstream:remotename)%00%(upstream:remoteref) refs/heads/master refs/remotes/master [5ms]
2023-09-13 16:44:21.654 [info] > git status -z -uall [11ms]
2023-09-13 16:44:21.666 [info] > git config --get commit.template [13ms]
2023-09-13 16:44:21.675 [info] > git for-each-ref --format=%(refname)%00%(upstream:short)%00%(objectname)%00%(upstream:track)%00%(upstream:remotename)%00%(upstream:remoteref) refs/heads/master refs/remotes/master [11ms]
2023-09-13 16:44:21.691 [info] > git status -z -uall [7ms]
2023-09-13 16:44:37.354 [info] > git show --textconv :index.html [19ms]
2023-09-13 16:44:37.358 [info] > git ls-files --stage -- /var/www/html/INB0243/index.html [5ms]
2023-09-13 16:44:37.484 [info] > git check-ignore -v -z --stdin [2ms]
2023-09-13 16:44:37.992 [info] > git config --get commit.template [14ms]
2023-09-13 16:44:37.999 [info] > git for-each-ref --format=%(refname)%00%(upstream:short)%00%(objectname)%00%(upstream:track)%00%(upstream:remotename)%00%(upstream:remoteref) refs/heads/master refs/remotes/master [10ms]
2023-09-13 16:44:38.007 [info] > git status -z -uall [3ms]
2023-09-13 16:51:20.692 [info] > git add -A -- /var/www/html/INB0243/index.html [8ms]
2023-09-13 16:51:20.705 [info] > git config --get commit.template [6ms]
2023-09-13 16:51:20.707 [info] > git for-each-ref --format=%(refname)%00%(upstream:short)%00%(objectname)%00%(upstream:track)%00%(upstream:remotename)%00%(upstream:remoteref) refs/heads/master refs/remotes/master [3ms]
2023-09-13 16:51:20.712 [info] > git status -z -uall [2ms]
2023-09-13 16:51:21.801 [info] > git for-each-ref --format=%(refname)%00%(upstream:short)%00%(objectname)%00%(upstream:track)%00%(upstream:remotename)%00%(upstream:remoteref) refs/heads/master refs/remotes/master [2ms]
2023-09-13 16:51:21.803 [info] > git config --get commit.template [22ms]
2023-09-13 16:51:21.813 [info] > git status -z -uall [4ms]
2023-09-13 16:51:21.948 [info] > git ls-files --stage -- /var/www/html/INB0243/index.html [33ms]
2023-09-13 16:51:21.955 [info] > git cat-file -s e69de29bb2d1d6434b8b29ae775ad8c2e48c5391 [3ms]
2023-09-13 16:51:22.024 [info] > git show --textconv :index.html [10ms]
2023-09-13 16:51:28.326 [info] > git config --get commit.template [7ms]
2023-09-13 16:51:28.330 [info] > git for-each-ref --format=%(refname)%00%(upstream:short)%00%(objectname)%00%(upstream:track)%00%(upstream:remotename)%00%(upstream:remoteref) refs/heads/master refs/remotes/master [4ms]
2023-09-13 16:51:28.336 [info] > git status -z -uall [1ms]
2023-09-13 16:51:28.442 [info] > git ls-files --stage -- /var/www/html/INB0243/index.html [12ms]
2023-09-13 16:51:28.453 [info] > git cat-file -s e69de29bb2d1d6434b8b29ae775ad8c2e48c5391 [4ms]
2023-09-13 16:51:28.509 [info] > git show --textconv :index.html [4ms]
2023-09-13 16:51:29.860 [info] > git ls-files --stage -- /var/www/html/INB0243/index.html [6ms]
2023-09-13 16:51:29.869 [info] > git cat-file -s e69de29bb2d1d6434b8b29ae775ad8c2e48c5391 [3ms]
2023-09-13 16:51:29.881 [info] > git show --textconv :index.html [2ms]
2023-09-13 16:51:33.369 [info] > git for-each-ref --format=%(refname)%00%(upstream:short)%00%(objectname)%00%(upstream:track)%00%(upstream:remotename)%00%(upstream:remoteref) refs/heads/master refs/remotes/master [2ms]
2023-09-13 16:51:33.369 [info] > git config --get commit.template [19ms]
2023-09-13 16:51:33.380 [info] > git status -z -uall [3ms]
2023-09-13 16:51:45.557 [info] > git -c user.useConfigOnly=true commit --quiet --allow-empty-message --file - [32ms]
2023-09-13 16:51:45.563 [info] > git config --get commit.template [1ms]
2023-09-13 16:51:45.575 [info] > git config --get commit.template [6ms]
2023-09-13 16:51:45.578 [info] > git for-each-ref --format=%(refname)%00%(upstream:short)%00%(objectname)%00%(upstream:track)%00%(upstream:remotename)%00%(upstream:remoteref) refs/heads/master refs/remotes/master [3ms]
2023-09-13 16:51:45.592 [info] > git status -z -uall [8ms]
2023-09-13 16:51:45.728 [info] > git config --get commit.template [9ms]
2023-09-13 16:51:45.730 [info] > git for-each-ref --format=%(refname)%00%(upstream:short)%00%(objectname)%00%(upstream:track)%00%(upstream:remotename)%00%(upstream:remoteref) refs/heads/master refs/remotes/master [3ms]
2023-09-13 16:51:45.739 [info] > git status -z -uall [4ms]
2023-09-13 16:51:46.771 [info] > git ls-files --stage -- /var/www/html/INB0243/index.html [1ms]
2023-09-13 16:51:46.776 [info] > git cat-file -s e69de29bb2d1d6434b8b29ae775ad8c2e48c5391 [1ms]
2023-09-13 16:51:46.787 [info] > git show --textconv :index.html [4ms]
2023-09-13 16:53:17.312 [info] > git for-each-ref --format=%(refname)%00%(upstream:short)%00%(objectname)%00%(upstream:track)%00%(upstream:remotename)%00%(upstream:remoteref) refs/heads/master refs/remotes/master [2ms]
2023-09-13 16:53:17.313 [info] > git config --get commit.template [19ms]
2023-09-13 16:53:17.322 [info] > git status -z -uall [3ms]
2023-09-13 16:53:18.635 [info] > git add -A -- /var/www/html/INB0243/index.html [11ms]
2023-09-13 16:53:18.650 [info] > git config --get commit.template [7ms]
2023-09-13 16:53:18.652 [info] > git for-each-ref --format=%(refname)%00%(upstream:short)%00%(objectname)%00%(upstream:track)%00%(upstream:remotename)%00%(upstream:remoteref) refs/heads/master refs/remotes/master [3ms]
2023-09-13 16:53:18.658 [info] > git status -z -uall [2ms]
2023-09-13 16:53:19.841 [info] > git ls-files --stage -- /var/www/html/INB0243/index.html [5ms]
2023-09-13 16:53:19.853 [info] > git cat-file -s 573e54b5b180f44db7a77d76cb79cb4031683ec4 [4ms]
2023-09-13 16:53:19.867 [info] > git show --textconv :index.html [2ms]
2023-09-13 16:53:22.358 [info] > git for-each-ref --format=%(refname)%00%(upstream:short)%00%(objectname)%00%(upstream:track)%00%(upstream:remotename)%00%(upstream:remoteref) refs/heads/master refs/remotes/master [2ms]
2023-09-13 16:53:22.358 [info] > git config --get commit.template [19ms]
2023-09-13 16:53:22.368 [info] > git status -z -uall [3ms]
2023-09-13 16:53:29.367 [info] > git -c user.useConfigOnly=true commit --quiet --allow-empty-message --file - [16ms]
2023-09-13 16:53:29.374 [info] > git config --get commit.template [2ms]
2023-09-13 16:53:29.386 [info] > git config --get commit.template [5ms]
2023-09-13 16:53:29.388 [info] > git for-each-ref --format=%(refname)%00%(upstream:short)%00%(objectname)%00%(upstream:track)%00%(upstream:remotename)%00%(upstream:remoteref) refs/heads/master refs/remotes/master [1ms]
2023-09-13 16:53:29.392 [info] > git status -z -uall [1ms]
2023-09-13 16:53:29.509 [info] > git config --get commit.template [5ms]
2023-09-13 16:53:29.511 [info] > git for-each-ref --format=%(refname)%00%(upstream:short)%00%(objectname)%00%(upstream:track)%00%(upstream:remotename)%00%(upstream:remoteref) refs/heads/master refs/remotes/master [2ms]
2023-09-13 16:53:29.517 [info] > git status -z -uall [2ms]
2023-09-13 16:53:30.623 [info] > git ls-files --stage -- /var/www/html/INB0243/index.html [5ms]
2023-09-13 16:53:30.634 [info] > git cat-file -s 573e54b5b180f44db7a77d76cb79cb4031683ec4 [3ms]
2023-09-13 16:53:30.656 [info] > git show --textconv :index.html [11ms]
2023-09-13 16:53:56.161 [info] > git config --get commit.template [7ms]
2023-09-13 16:53:56.163 [info] > git for-each-ref --format=%(refname)%00%(upstream:short)%00%(objectname)%00%(upstream:track)%00%(upstream:remotename)%00%(upstream:remoteref) refs/heads/master refs/remotes/master [2ms]
2023-09-13 16:53:56.170 [info] > git status -z -uall [1ms]
2023-09-13 16:53:57.207 [info] > git for-each-ref --format=%(refname)%00%(upstream:short)%00%(objectname)%00%(upstream:track)%00%(upstream:remotename)%00%(upstream:remoteref) refs/heads/master refs/remotes/master [1ms]
2023-09-13 16:53:57.207 [info] > git config --get commit.template [16ms]
2023-09-13 16:53:57.214 [info] > git status -z -uall [2ms]
2023-09-13 16:54:09.337 [info] > git push origin master:master [6779ms]
2023-09-13 16:54:09.337 [info] To https://github.com/AnaLuizaDias/INB0243.git
 * [new branch]      master -> master
2023-09-13 16:54:09.359 [info] > git config --get commit.template [10ms]
2023-09-13 16:54:09.362 [info] > git for-each-ref --format=%(refname)%00%(upstream:short)%00%(objectname)%00%(upstream:track)%00%(upstream:remotename)%00%(upstream:remoteref) refs/heads/master refs/remotes/master [4ms]
2023-09-13 16:54:09.370 [info] > git status -z -uall [1ms]
2023-09-13 16:54:12.972 [info] > git log --oneline --cherry master...master@{upstream} -- [2ms]
2023-09-13 16:54:13.341 [info] > git pull --tags origin master [365ms]
2023-09-13 16:54:13.341 [info] From https://github.com/AnaLuizaDias/INB0243
 * branch            master     -> FETCH_HEAD
2023-09-13 16:54:13.357 [info] > git config --get commit.template [8ms]
2023-09-13 16:54:13.359 [info] > git for-each-ref --format=%(refname)%00%(upstream:short)%00%(objectname)%00%(upstream:track)%00%(upstream:remotename)%00%(upstream:remoteref) refs/heads/master refs/remotes/master [2ms]
2023-09-13 16:54:13.365 [info] > git status -z -uall [1ms]
2023-09-13 16:54:14.508 [info] > git for-each-ref --format=%(refname)%00%(upstream:short)%00%(objectname)%00%(upstream:track)%00%(upstream:remotename)%00%(upstream:remoteref) refs/heads/master refs/remotes/master [1ms]
2023-09-13 16:54:14.508 [info] > git config --get commit.template [22ms]
2023-09-13 16:54:14.518 [info] > git status -z -uall [3ms]
2023-09-13 16:54:14.593 [info] > git ls-files --stage -- /var/www/html/INB0243/index.html [3ms]
2023-09-13 16:54:14.602 [info] > git cat-file -s 573e54b5b180f44db7a77d76cb79cb4031683ec4 [3ms]
2023-09-13 16:54:14.616 [info] > git show --textconv :index.html [4ms]
